<?xml version="1.0" encoding="utf-8"?><testsuites name="pytest tests"><testsuite name="pytest" errors="0" failures="0" skipped="1" tests="4" time="3.457" timestamp="2026-05-11T16:39:57.314623+00:00" hostname="agent-env-b44278e7-9c72-439f-b91d-07113e8f161c"><testcase classname="backend.tests.test_firewall_iter190.TestFirewallStatus" name="test_status_returns_summary_shape" time="0.760" /><testcase classname="backend.tests.test_firewall_iter190.TestJournalEntryFirewall" name="test_unbalanced_journal_entry_is_rejected" time="1.153" /><testcase classname="backend.tests.test_firewall_iter190.TestJournalEntryFirewall" name="test_balanced_journal_entry_is_accepted" time="0.424" /><testcase classname="backend.tests.test_firewall_iter190.TestOperationIdempotency" name="test_same_transaction_id_increments_idempotency_hit" time="1.039"><skipped type="pytest.skip" message="operations endpoint did not accept payload (400): {&quot;detail&quot;:&quot;عمليات الشراء/مرتجع الشراء تتطلب اختيار مورد&quot;}">/app/backend/tests/test_firewall_iter190.py:125: operations endpoint did not accept payload (400): {"detail":"عمليات الشراء/مرتجع الشراء تتطلب اختيار مورد"}</skipped></testcase></testsuite></testsuites>