<?xml version="1.0" encoding="utf-8"?><testsuites name="pytest tests"><testsuite name="pytest" errors="0" failures="0" skipped="0" tests="20" time="13.254" timestamp="2026-05-11T17:29:39.474364+00:00" hostname="agent-env-b44278e7-9c72-439f-b91d-07113e8f161c"><testcase classname="backend.tests.test_refactor_regression_iter192.TestWorkshopConfig" name="test_get_settings" time="0.675" /><testcase classname="backend.tests.test_refactor_regression_iter192.TestWorkshopConfig" name="test_post_settings_no_break" time="0.415" /><testcase classname="backend.tests.test_refactor_regression_iter192.TestWorkshopConfig" name="test_get_profile" time="0.147" /><testcase classname="backend.tests.test_refactor_regression_iter192.TestWorkshopConfig" name="test_put_profile" time="0.184" /><testcase classname="backend.tests.test_refactor_regression_iter192.TestWorkshopConfig" name="test_auth_request_otp" time="0.138" /><testcase classname="backend.tests.test_refactor_regression_iter192.TestApprovals" name="test_list_approvals" time="4.306" /><testcase classname="backend.tests.test_refactor_regression_iter192.TestApprovals" name="test_create_approval" time="0.468" /><testcase classname="backend.tests.test_refactor_regression_iter192.TestApprovals" name="test_public_token_404_for_garbage" time="0.437" /><testcase classname="backend.tests.test_refactor_regression_iter192.TestApprovals" name="test_notifications_prepare" time="0.108" /><testcase classname="backend.tests.test_refactor_regression_iter192.TestAccountsExtended" name="test_accounts_list" time="0.492" /><testcase classname="backend.tests.test_refactor_regression_iter192.TestAccountsExtended" name="test_accounts_tree" time="2.992" /><testcase classname="backend.tests.test_refactor_regression_iter192.TestAccountsExtended" name="test_account_transactions_with_seeded_id" time="0.538" /><testcase classname="backend.tests.test_refactor_regression_iter192.TestAccountsExtended" name="test_init_defaults" time="0.474" /><testcase classname="backend.tests.test_refactor_regression_iter192.TestTemplatesExtended" name="test_invoice_templates_list" time="0.130" /><testcase classname="backend.tests.test_refactor_regression_iter192.TestTemplatesExtended" name="test_print_render_placeholders" time="0.142" /><testcase classname="backend.tests.test_refactor_regression_iter192.TestTemplatesExtended" name="test_templates_list" time="0.137" /><testcase classname="backend.tests.test_refactor_regression_iter192.TestTechnicians" name="test_list_technicians" time="0.423" /><testcase classname="backend.tests.test_refactor_regression_iter192.TestTechnicians" name="test_create_technician" time="0.395" /><testcase classname="backend.tests.test_refactor_regression_iter192.TestFirewallStillWorks" name="test_firewall_status" time="0.418" /><testcase classname="backend.tests.test_refactor_regression_iter192.TestFirewallStillWorks" name="test_unbalanced_journal_rejected" time="0.139" /></testsuite></testsuites>