<?xml version="1.0" encoding="utf-8"?><testsuites name="pytest tests"><testsuite name="pytest" errors="0" failures="0" skipped="0" tests="3" time="12.052" timestamp="2026-05-11T19:22:21.253738+00:00" hostname="agent-env-b44278e7-9c72-439f-b91d-07113e8f161c"><testcase classname="backend.tests.test_firewall_audit_bot_iter194" name="test_audit_system_contains_firewall_check" time="7.770" /><testcase classname="backend.tests.test_firewall_audit_bot_iter194" name="test_finance_bot_chat_uses_firewall_context" time="3.673" /><testcase classname="backend.tests.test_firewall_audit_bot_iter194" name="test_firewall_status_endpoint_live" time="0.485" /></testsuite></testsuites>