<?xml version="1.0" encoding="utf-8"?><testsuites name="pytest tests"><testsuite name="pytest" errors="0" failures="0" skipped="0" tests="5" time="8.060" timestamp="2026-05-11T20:09:03.213700+00:00" hostname="agent-env-b44278e7-9c72-439f-b91d-07113e8f161c"><testcase classname="backend.tests.test_period_close_iter196.TestPeriodClose" name="test_first_call_success_or_already_closed" time="1.200" /><testcase classname="backend.tests.test_period_close_iter196.TestPeriodClose" name="test_idempotent_second_call_blocked" time="2.073" /><testcase classname="backend.tests.test_period_close_iter196.TestIncomeStatementZeroAfterClose" name="test_income_statement_zero" time="3.453" /><testcase classname="backend.tests.test_period_close_iter196.TestTrialBalanceBalanced" name="test_trial_balance_total_dr_eq_cr" time="0.691" /><testcase classname="backend.tests.test_period_close_iter196.TestFirewallRegression" name="test_firewall_100_unbalanced_zero" time="0.517" /></testsuite></testsuites>