<?xml version="1.0" encoding="utf-8"?><testsuites name="pytest tests"><testsuite name="pytest" errors="0" failures="0" skipped="0" tests="20" time="22.226" timestamp="2026-05-11T18:27:37.604749+00:00" hostname="agent-env-b44278e7-9c72-439f-b91d-07113e8f161c"><testcase classname="backend.tests.test_rakan_removal_iter193.TestRakanRemovalAccounts" name="test_no_rakan_accounts_in_coa" time="0.789" /><testcase classname="backend.tests.test_rakan_removal_iter193.TestRakanRemovalAccounts" name="test_rakan_analytics_endpoint_deleted" time="0.076" /><testcase classname="backend.tests.test_rakan_removal_iter193.TestFirewallIntegrity" name="test_firewall_health" time="0.412" /><testcase classname="backend.tests.test_rakan_removal_iter193.TestServicesRouter" name="test_services_list" time="0.742" /><testcase classname="backend.tests.test_rakan_removal_iter193.TestServicesRouter" name="test_services_create_then_delete" time="0.787" /><testcase classname="backend.tests.test_rakan_removal_iter193.TestPartsRouter" name="test_parts_list" time="0.384" /><testcase classname="backend.tests.test_rakan_removal_iter193.TestPartsRouter" name="test_parts_search" time="0.391" /><testcase classname="backend.tests.test_rakan_removal_iter193.TestPartsRouter" name="test_parts_low_stock" time="0.367" /><testcase classname="backend.tests.test_rakan_removal_iter193.TestPartsRouter" name="test_parts_create_and_delete" time="1.218" /><testcase classname="backend.tests.test_rakan_removal_iter193.TestCOGSRoutingTo0421" name="test_part_sale_books_cogs_to_0421" time="6.916" /><testcase classname="backend.tests.test_rakan_removal_iter193.TestLegacySmoke" name="test_smoke[/api/operations/pending]" time="0.669" /><testcase classname="backend.tests.test_rakan_removal_iter193.TestLegacySmoke" name="test_smoke[/api/vehicles]" time="0.391" /><testcase classname="backend.tests.test_rakan_removal_iter193.TestLegacySmoke" name="test_smoke[/api/customers]" time="2.920" /><testcase classname="backend.tests.test_rakan_removal_iter193.TestLegacySmoke" name="test_smoke[/api/technicians]" time="0.390" /><testcase classname="backend.tests.test_rakan_removal_iter193.TestLegacySmoke" name="test_smoke[/api/biz-accounts]" time="0.396" /><testcase classname="backend.tests.test_rakan_removal_iter193.TestLegacySmoke" name="test_smoke[/api/approvals]" time="4.602" /><testcase classname="backend.tests.test_rakan_removal_iter193.TestLegacySmoke" name="test_smoke[/api/invoice-templates]" time="0.104" /><testcase classname="backend.tests.test_rakan_removal_iter193.TestLegacySmoke" name="test_smoke[/api/templates]" time="0.083" /><testcase classname="backend.tests.test_rakan_removal_iter193.TestLegacySmoke" name="test_smoke[/api/settings]" time="0.414" /><testcase classname="backend.tests.test_rakan_removal_iter193.TestLegacySmoke" name="test_smoke[/api/profile]" time="0.077" /></testsuite></testsuites>