<?xml version="1.0" encoding="utf-8"?><testsuites name="pytest tests"><testsuite name="pytest" errors="0" failures="1" skipped="0" tests="4" time="22.471" timestamp="2026-05-11T19:57:47.895433+00:00" hostname="agent-env-b44278e7-9c72-439f-b91d-07113e8f161c"><testcase classname="backend.tests.test_period_close_iter195.TestPeriodClose" name="test_period_close_returns_success" time="10.102" /><testcase classname="backend.tests.test_period_close_iter195.TestPeriodClose" name="test_period_close_idempotent_second_call" time="10.461"><failure message="AssertionError: Expected idempotent closed:false on second call but got: {'closed': True, 'as_of_date': '2026-05-11', 'journal_entry_id': '76ae0fb6-8ba6-4d7b-98ae-a006da60f875', 'total_revenue_closed': 35691.0, 'total_expense_closed': 1836.0, 'net_income_transferred': 33855.0, 'equity_account': {'code': '023', 'name': 'أرباح محتجزة'}, 'lines_count': 7, 'total_debit': 35691.0, 'total_credit': 35691.0}&#10;assert True is False&#10; +  where True = &lt;built-in method get of dict object at 0xf8da6ccf8080&gt;('closed')&#10; +    where &lt;built-in method get of dict object at 0xf8da6ccf8080&gt; = {'as_of_date': '2026-05-11', 'closed': True, 'equity_account': {'code': '023', 'name': 'أرباح محتجزة'}, 'journal_entry_id': '76ae0fb6-8ba6-4d7b-98ae-a006da60f875', ...}.get">E   AssertionError: Expected idempotent closed:false on second call but got: {'closed': True, 'as_of_date': '2026-05-11', 'journal_entry_id': '76ae0fb6-8ba6-4d7b-98ae-a006da60f875', 'total_revenue_closed': 35691.0, 'total_expense_closed': 1836.0, 'net_income_transferred': 33855.0, 'equity_account': {'code': '023', 'name': 'أرباح محتجزة'}, 'lines_count': 7, 'total_debit': 35691.0, 'total_credit': 35691.0}
    assert True is False
     +  where True = &lt;built-in method get of dict object at 0xf8da6ccf8080&gt;('closed')
     +    where &lt;built-in method get of dict object at 0xf8da6ccf8080&gt; = {'as_of_date': '2026-05-11', 'closed': True, 'equity_account': {'code': '023', 'name': 'أرباح محتجزة'}, 'journal_entry_id': '76ae0fb6-8ba6-4d7b-98ae-a006da60f875', ...}.get</failure></testcase><testcase classname="backend.tests.test_period_close_iter195.TestFirewallRegression" name="test_firewall_status_health_100" time="0.501" /><testcase classname="backend.tests.test_period_close_iter195.TestJournalEntriesRegression" name="test_journal_entries_loadable" time="1.337" /></testsuite></testsuites>