<?xml version="1.0" encoding="utf-8"?><testsuites name="pytest tests"><testsuite name="pytest" errors="0" failures="0" skipped="0" tests="5" time="6.692" timestamp="2026-05-11T21:26:10.728449+00:00" hostname="agent-env-b44278e7-9c72-439f-b91d-07113e8f161c"><testcase classname="backend.tests.test_negative_fix_iter197.TestIncomeStatementPositive" name="test_income_statement_all_time_positive" time="2.841" /><testcase classname="backend.tests.test_negative_fix_iter197.TestIncomeStatementPositive" name="test_income_statement_last_30d_positive" time="2.041" /><testcase classname="backend.tests.test_negative_fix_iter197.TestPeriodCloseLast" name="test_last_close_endpoint" time="0.937" /><testcase classname="backend.tests.test_negative_fix_iter197.TestPeriodCloseIdempotent" name="test_post_period_close_idempotent_and_fast" time="0.358" /><testcase classname="backend.tests.test_negative_fix_iter197.TestFirewallRegression" name="test_firewall_status_balanced" time="0.366" /></testsuite></testsuites>