<?xml version="1.0" encoding="utf-8"?><testsuites name="pytest tests"><testsuite name="pytest" errors="0" failures="0" skipped="0" tests="9" time="7.515" timestamp="2026-04-03T20:32:58.140396+00:00" hostname="agent-env-93c76eef-5df8-4938-8dc5-029e2490d64b"><testcase classname="tests.test_financial_fields.TestCustomersFinancialFields" name="test_customers_endpoint_returns_200" time="1.386" /><testcase classname="tests.test_financial_fields.TestCustomersFinancialFields" name="test_customers_have_financial_fields" time="1.334" /><testcase classname="tests.test_financial_fields.TestCustomersFinancialFields" name="test_customer_movements_structure" time="1.331" /><testcase classname="tests.test_financial_fields.TestSuppliersFinancialFields" name="test_suppliers_endpoint_returns_200" time="1.024" /><testcase classname="tests.test_financial_fields.TestSuppliersFinancialFields" name="test_suppliers_have_financial_fields" time="1.012" /><testcase classname="tests.test_financial_fields.TestAccountsSubaccounts" name="test_accounts_endpoint_returns_200" time="0.403" /><testcase classname="tests.test_financial_fields.TestAccountsSubaccounts" name="test_customer_subaccounts_exist" time="0.399" /><testcase classname="tests.test_financial_fields.TestAccountsSubaccounts" name="test_supplier_subaccounts_pattern" time="0.445" /><testcase classname="tests.test_financial_fields.TestHealthEndpoint" name="test_health_endpoint" time="0.128" /></testsuite></testsuites>