<?xml version="1.0" encoding="utf-8"?><testsuites name="pytest tests"><testsuite name="pytest" errors="0" failures="0" skipped="0" tests="13" time="19.279" timestamp="2026-04-10T21:35:27.589673+00:00" hostname="agent-env-93c76eef-5df8-4938-8dc5-029e2490d64b"><testcase classname="backend.tests.test_source_buttons_iter101.TestOperationTraceEndpoint" name="test_operation_trace_returns_success" time="3.058" /><testcase classname="backend.tests.test_source_buttons_iter101.TestOperationTraceEndpoint" name="test_operation_trace_has_required_fields" time="2.814" /><testcase classname="backend.tests.test_source_buttons_iter101.TestOperationTraceEndpoint" name="test_operation_trace_rows_structure" time="2.858" /><testcase classname="backend.tests.test_source_buttons_iter101.TestBalanceSheetEndpoint" name="test_balance_sheet_returns_success" time="1.020" /><testcase classname="backend.tests.test_source_buttons_iter101.TestBalanceSheetEndpoint" name="test_balance_sheet_has_sections" time="1.033" /><testcase classname="backend.tests.test_source_buttons_iter101.TestBalanceSheetEndpoint" name="test_balance_sheet_accounts_have_code" time="1.037" /><testcase classname="backend.tests.test_source_buttons_iter101.TestTrialBalanceEndpoint" name="test_trial_balance_returns_success" time="1.048" /><testcase classname="backend.tests.test_source_buttons_iter101.TestTrialBalanceEndpoint" name="test_trial_balance_has_accounts" time="1.049" /><testcase classname="backend.tests.test_source_buttons_iter101.TestTrialBalanceEndpoint" name="test_trial_balance_accounts_have_code" time="1.035" /><testcase classname="backend.tests.test_source_buttons_iter101.TestAccountTreeDetailsEndpoint" name="test_account_tree_details_returns_success" time="1.015" /><testcase classname="backend.tests.test_source_buttons_iter101.TestAccountTreeDetailsEndpoint" name="test_account_tree_details_structure" time="1.089" /><testcase classname="backend.tests.test_source_buttons_iter101.TestAPIIntegration" name="test_full_source_button_workflow" time="1.057" /><testcase classname="backend.tests.test_source_buttons_iter101.TestAPIIntegration" name="test_trial_balance_source_button_workflow" time="1.065" /></testsuite></testsuites>