<?xml version="1.0" encoding="utf-8"?><testsuites name="pytest tests"><testsuite name="pytest" errors="0" failures="0" skipped="0" tests="8" time="5.160" timestamp="2026-05-13T13:53:47.844474+00:00" hostname="agent-env-f6be55d8-64ec-4411-a52d-1abff0976d89"><testcase classname="tests.test_smart_pos_journal.TestJournalEntriesAPI" name="test_journal_entries_returns_payment_method_fields" time="1.176" /><testcase classname="tests.test_smart_pos_journal.TestJournalEntriesAPI" name="test_journal_entries_payment_method_values" time="0.401" /><testcase classname="tests.test_smart_pos_journal.TestJournalEntriesAPI" name="test_journal_entries_source_field" time="0.115" /><testcase classname="tests.test_smart_pos_journal.TestOperationsAPI" name="test_operations_list" time="1.397" /><testcase classname="tests.test_smart_pos_journal.TestOperationsAPI" name="test_operations_have_payment_fields" time="1.254" /><testcase classname="tests.test_smart_pos_journal.TestChartOfAccountsAPI" name="test_chart_of_accounts_list" time="0.452" /><testcase classname="tests.test_smart_pos_journal.TestSmartPOSTemplates" name="test_pos_instant_sale_creates_journal_entry" time="0.163" /><testcase classname="tests.test_smart_pos_journal.TestSmartPOSTemplates" name="test_operation_payment_income_creates_journal_entry" time="0.117" /></testsuite></testsuites>