<?xml version="1.0" encoding="utf-8"?><testsuites name="pytest tests"><testsuite name="pytest" errors="0" failures="0" skipped="0" tests="6" time="10.915" timestamp="2026-04-16T07:15:06.218116+00:00" hostname="agent-env-31fd6605-7152-4827-9c2b-a108f8b061de"><testcase classname="tests.test_iteration_132.TestVehicleFileNumber" name="test_update_vehicle_with_file_number" time="3.955" /><testcase classname="tests.test_iteration_132.TestVehicleFileNumber" name="test_update_vehicle_file_number_empty_to_value" time="3.651" /><testcase classname="tests.test_iteration_132.TestAccountTreeDetailsSummary" name="test_account_tree_details_has_cash_bank_totals" time="1.268" /><testcase classname="tests.test_iteration_132.TestAccountTreeDetailsSummary" name="test_account_tree_details_summary_structure" time="1.256" /><testcase classname="tests.test_iteration_132.TestHealthCheck" name="test_api_health" time="0.162" /><testcase classname="tests.test_iteration_132.TestHealthCheck" name="test_vehicles_list" time="0.567" /></testsuite></testsuites>