<?xml version="1.0" encoding="utf-8"?><testsuites name="pytest tests"><testsuite name="pytest" errors="0" failures="0" skipped="0" tests="4" time="8.432" timestamp="2026-05-13T16:35:58.370791+00:00" hostname="agent-env-cb96c7a7-1cdb-4eab-ad84-1e568ea38f19"><testcase classname="backend.tests.test_iteration_207_visit_display_and_labels.TestVisitNumberFormatting" name="test_operations_visit_number_display_is_3_digits" time="1.604" /><testcase classname="backend.tests.test_iteration_207_visit_display_and_labels.TestVisitNumberFormatting" name="test_vehicle_visits_endpoint_returns_3_digit_visit_display" time="1.286" /><testcase classname="backend.tests.test_iteration_207_visit_display_and_labels.TestMovementVisitLabelSanitation" name="test_supplier_movements_do_not_expose_raw_visit_uuid" time="2.440" /><testcase classname="backend.tests.test_iteration_207_visit_display_and_labels.TestMovementVisitLabelSanitation" name="test_customer_movements_do_not_expose_raw_visit_uuid" time="3.026" /></testsuite></testsuites>