<?xml version="1.0" encoding="utf-8"?><testsuites name="pytest tests"><testsuite name="pytest" errors="0" failures="0" skipped="0" tests="6" time="7.056" timestamp="2026-04-11T14:50:52.151641+00:00" hostname="agent-env-93c76eef-5df8-4938-8dc5-029e2490d64b"><testcase classname="tests.test_finance_dashboard_iter111.TestFinanceDashboardAPIs" name="test_ar_customers_endpoint_alias" time="1.654" /><testcase classname="tests.test_finance_dashboard_iter111.TestFinanceDashboardAPIs" name="test_ar_customers_original_endpoint" time="1.033" /><testcase classname="tests.test_finance_dashboard_iter111.TestFinanceDashboardAPIs" name="test_income_statement_endpoint" time="1.098" /><testcase classname="tests.test_finance_dashboard_iter111.TestFinanceDashboardAPIs" name="test_balance_sheet_endpoint" time="1.051" /><testcase classname="tests.test_finance_dashboard_iter111.TestFinanceDashboardAPIs" name="test_response_structure_for_frontend_parsing" time="1.099" /><testcase classname="tests.test_finance_dashboard_iter111.TestFinanceDashboardAPIs" name="test_net_income_not_zero_with_data" time="1.056" /></testsuite></testsuites>