<?xml version="1.0" encoding="utf-8"?><testsuites name="pytest tests"><testsuite name="pytest" errors="0" failures="0" skipped="0" tests="11" time="13.132" timestamp="2026-04-18T13:16:28.534460+00:00" hostname="agent-env-31fd6605-7152-4827-9c2b-a108f8b061de"><testcase classname="backend.tests.test_supplier_and_visit_sync.TestSupplierAPI" name="test_get_suppliers_returns_list" time="2.257" /><testcase classname="backend.tests.test_supplier_and_visit_sync.TestSupplierAPI" name="test_suppliers_have_required_fields" time="1.241" /><testcase classname="backend.tests.test_supplier_and_visit_sync.TestSupplierAPI" name="test_create_supplier" time="2.106" /><testcase classname="backend.tests.test_supplier_and_visit_sync.TestVehicleVisits" name="test_get_vehicle_visits" time="0.833" /><testcase classname="backend.tests.test_supplier_and_visit_sync.TestVehicleVisits" name="test_visit_has_items" time="0.855" /><testcase classname="backend.tests.test_supplier_and_visit_sync.TestOperationsSync" name="test_operations_list" time="0.658" /><testcase classname="backend.tests.test_supplier_and_visit_sync.TestOperationsSync" name="test_visit_synced_to_operations" time="0.652" /><testcase classname="backend.tests.test_supplier_and_visit_sync.TestOperationsSync" name="test_payment_method_mapping" time="0.682" /><testcase classname="backend.tests.test_supplier_and_visit_sync.TestOperationsSync" name="test_operation_has_account_code_in_notes" time="0.701" /><testcase classname="backend.tests.test_supplier_and_visit_sync.TestCustomerAPI" name="test_get_customers" time="1.762" /><testcase classname="backend.tests.test_supplier_and_visit_sync.TestHealthCheck" name="test_health_endpoint" time="1.307" /></testsuite></testsuites>