<?xml version="1.0" encoding="utf-8"?><testsuites name="pytest tests"><testsuite name="pytest" errors="0" failures="0" skipped="0" tests="7" time="13.828" timestamp="2026-02-11T01:44:56.334779+00:00" hostname="agent-env-01eb16ad-f04d-4ce7-9818-babdc49dbda4"><testcase classname="backend.tests.test_visit_crud_bug_fix.TestVisitCRUD" name="test_01_get_vehicle_visits_initial" time="0.852" /><testcase classname="backend.tests.test_visit_crud_bug_fix.TestVisitCRUD" name="test_02_create_visit_with_items_in_notes" time="1.927" /><testcase classname="backend.tests.test_visit_crud_bug_fix.TestVisitCRUD" name="test_03_update_visit_save_items_and_close" time="2.162" /><testcase classname="backend.tests.test_visit_crud_bug_fix.TestVisitCRUD" name="test_04_get_visits_after_update_persistence" time="4.049" /><testcase classname="backend.tests.test_visit_crud_bug_fix.TestVisitCRUD" name="test_05_delete_visit_cleanup" time="1.833" /><testcase classname="backend.tests.test_visit_crud_bug_fix.TestVisitCRUD" name="test_06_update_visit_without_500_error" time="2.534" /><testcase classname="backend.tests.test_visit_crud_bug_fix.TestVisitFilterCounts" name="test_visit_counts_logic" time="0.393" /></testsuite></testsuites>