<?xml version="1.0" encoding="utf-8"?><testsuites name="pytest tests"><testsuite name="pytest" errors="0" failures="0" skipped="0" tests="7" time="23.122" timestamp="2026-04-06T17:10:05.510200+00:00" hostname="agent-env-93c76eef-5df8-4938-8dc5-029e2490d64b"><testcase classname="backend.tests.test_backfill_reconciliation_iter75.TestBackfillJournalsEndpoint" name="test_backfill_dry_run_returns_success" time="3.020" /><testcase classname="backend.tests.test_backfill_reconciliation_iter75.TestBackfillJournalsEndpoint" name="test_backfill_apply_returns_success" time="2.832" /><testcase classname="backend.tests.test_backfill_reconciliation_iter75.TestReconciliationEndpoint" name="test_reconciliation_returns_success" time="2.836" /><testcase classname="backend.tests.test_backfill_reconciliation_iter75.TestReconciliationEndpoint" name="test_reconciliation_summary_structure" time="2.814" /><testcase classname="backend.tests.test_backfill_reconciliation_iter75.TestReconciliationEndpoint" name="test_reconciliation_rows_include_all_tracked_types" time="2.891" /><testcase classname="backend.tests.test_backfill_reconciliation_iter75.TestReconciliationEndpoint" name="test_reconciliation_matched_status_after_backfill" time="5.772" /><testcase classname="backend.tests.test_backfill_reconciliation_iter75.TestReconciliationRowsConsistency" name="test_rows_have_consistent_structure" time="2.869" /></testsuite></testsuites>