<?xml version="1.0" encoding="utf-8"?><testsuites name="pytest tests"><testsuite name="pytest" errors="0" failures="0" skipped="0" tests="8" time="9.658" timestamp="2026-04-06T08:33:29.355132+00:00" hostname="agent-env-93c76eef-5df8-4938-8dc5-029e2490d64b"><testcase classname="backend.tests.test_cleanup_and_features.TestDataCleanup" name="test_no_test_parts" time="0.523" /><testcase classname="backend.tests.test_cleanup_and_features.TestDataCleanup" name="test_no_test_services" time="0.684" /><testcase classname="backend.tests.test_cleanup_and_features.TestDataCleanup" name="test_operations_cleanup_verification" time="0.760" /><testcase classname="backend.tests.test_cleanup_and_features.TestAccountSorting" name="test_accounts_endpoint_exists" time="0.413" /><testcase classname="backend.tests.test_cleanup_and_features.TestAccountSorting" name="test_operations_have_account_references" time="0.708" /><testcase classname="backend.tests.test_cleanup_and_features.TestAutoCreateSupplier" name="test_suppliers_endpoint" time="1.021" /><testcase classname="backend.tests.test_cleanup_and_features.TestAutoCreateSupplier" name="test_create_supplier_directly" time="1.174" /><testcase classname="backend.tests.test_cleanup_and_features.TestAutoCreateSupplier" name="test_purchase_operation_with_new_supplier_name" time="4.313" /></testsuite></testsuites>