<?xml version="1.0" encoding="utf-8"?><testsuites name="pytest tests"><testsuite name="pytest" errors="0" failures="0" skipped="0" tests="7" time="12.527" timestamp="2026-04-06T20:20:29.529887+00:00" hostname="agent-env-93c76eef-5df8-4938-8dc5-029e2490d64b"><testcase classname="backend.tests.test_financial_iteration79.TestTrialBalanceNameResolution" name="test_trial_balance_returns_readable_names" time="1.268" /><testcase classname="backend.tests.test_financial_iteration79.TestTrialBalanceNameResolution" name="test_trial_balance_specific_codes_have_arabic_names" time="1.033" /><testcase classname="backend.tests.test_financial_iteration79.TestAccountTreeDetailsSummary" name="test_summary_contains_cash_and_credit_totals" time="1.557" /><testcase classname="backend.tests.test_financial_iteration79.TestAccountTreeDetailsSummary" name="test_summary_totals_are_consistent" time="1.568" /><testcase classname="backend.tests.test_financial_iteration79.TestAccountTreeDetailsDescriptions" name="test_descriptions_contain_customer_names" time="1.626" /><testcase classname="backend.tests.test_financial_iteration79.TestReconciliationRegression" name="test_reconciliation_api_returns_success" time="2.753" /><testcase classname="backend.tests.test_financial_iteration79.TestReconciliationRegression" name="test_reconciliation_rows_have_required_fields" time="2.647" /></testsuite></testsuites>