<?xml version="1.0" encoding="utf-8"?><testsuites name="pytest tests"><testsuite name="pytest" errors="0" failures="0" skipped="0" tests="15" time="11.839" timestamp="2026-04-11T16:22:41.968458+00:00" hostname="agent-env-93c76eef-5df8-4938-8dc5-029e2490d64b"><testcase classname="backend.tests.test_cleanup_verification_iter113.TestCleanupVerification" name="test_biz_accounts_no_test_data" time="0.686" /><testcase classname="backend.tests.test_cleanup_verification_iter113.TestCleanupVerification" name="test_deleted_account_not_present" time="0.425" /><testcase classname="backend.tests.test_cleanup_verification_iter113.TestCleanupVerification" name="test_customers_no_test_data" time="1.902" /><testcase classname="backend.tests.test_cleanup_verification_iter113.TestCleanupVerification" name="test_suppliers_no_test_data" time="1.288" /><testcase classname="backend.tests.test_cleanup_verification_iter113.TestCleanupVerification" name="test_parts_no_test_data" time="0.425" /><testcase classname="backend.tests.test_cleanup_verification_iter113.TestCleanupVerification" name="test_services_no_test_data" time="0.670" /><testcase classname="backend.tests.test_cleanup_verification_iter113.TestCleanupVerification" name="test_operations_no_test_data" time="0.709" /><testcase classname="backend.tests.test_cleanup_verification_iter113.TestCleanupVerification" name="test_vehicles_no_test_data" time="0.408" /><testcase classname="backend.tests.test_cleanup_verification_iter113.TestEndpointsHealth" name="test_customers_endpoint" time="1.899" /><testcase classname="backend.tests.test_cleanup_verification_iter113.TestEndpointsHealth" name="test_suppliers_endpoint" time="0.992" /><testcase classname="backend.tests.test_cleanup_verification_iter113.TestEndpointsHealth" name="test_parts_endpoint" time="0.407" /><testcase classname="backend.tests.test_cleanup_verification_iter113.TestEndpointsHealth" name="test_services_endpoint" time="0.409" /><testcase classname="backend.tests.test_cleanup_verification_iter113.TestEndpointsHealth" name="test_biz_accounts_endpoint" time="0.394" /><testcase classname="backend.tests.test_cleanup_verification_iter113.TestEndpointsHealth" name="test_operations_endpoint" time="0.741" /><testcase classname="backend.tests.test_cleanup_verification_iter113.TestEndpointsHealth" name="test_vehicles_endpoint" time="0.410" /></testsuite></testsuites>