<?xml version="1.0" encoding="utf-8"?><testsuites name="pytest tests"><testsuite name="pytest" errors="0" failures="0" skipped="0" tests="13" time="34.401" timestamp="2026-04-07T12:46:05.058989+00:00" hostname="agent-env-93c76eef-5df8-4938-8dc5-029e2490d64b"><testcase classname="backend.tests.test_iteration_84.TestOperationVehicleIdLinking" name="test_health_check" time="0.218" /><testcase classname="backend.tests.test_iteration_84.TestOperationVehicleIdLinking" name="test_create_operation_with_vehicle_id_returns_vehicle_id" time="5.279" /><testcase classname="backend.tests.test_iteration_84.TestOperationVehicleIdLinking" name="test_operation_kind_defaults_to_vehicle_operation_when_vehicle_id_present" time="5.191" /><testcase classname="backend.tests.test_iteration_84.TestOperationVehicleIdLinking" name="test_operation_without_vehicle_id_defaults_to_workshop_operation" time="4.159" /><testcase classname="backend.tests.test_iteration_84.TestJournalAccountMapping" name="test_purchase_operation_uses_expense_account" time="5.360" /><testcase classname="backend.tests.test_iteration_84.TestJournalAccountMapping" name="test_sale_operation_credits_revenue_account" time="5.197" /><testcase classname="backend.tests.test_iteration_84.TestFinanceReportsRegression" name="test_income_statement_returns_data" time="1.133" /><testcase classname="backend.tests.test_iteration_84.TestFinanceReportsRegression" name="test_balance_sheet_returns_data" time="1.108" /><testcase classname="backend.tests.test_iteration_84.TestFinanceReportsRegression" name="test_trial_balance_returns_data" time="1.079" /><testcase classname="backend.tests.test_iteration_84.TestFinanceReportsRegression" name="test_reconciliation_returns_data" time="3.002" /><testcase classname="backend.tests.test_iteration_84.TestChartOfAccountsResetButton" name="test_accounts_init_defaults_endpoint_exists" time="0.481" /><testcase classname="backend.tests.test_iteration_84.TestChartOfAccountsResetButton" name="test_accounts_tree_endpoint" time="0.740" /><testcase classname="backend.tests.test_iteration_84.TestJournalEntriesPartyEditor" name="test_journal_entries_returns_party_fields" time="1.379" /></testsuite></testsuites>