<?xml version="1.0" encoding="utf-8"?><testsuites name="pytest tests"><testsuite name="pytest" errors="0" failures="0" skipped="0" tests="4" time="2.421" timestamp="2026-04-11T10:16:26.077107+00:00" hostname="agent-env-93c76eef-5df8-4938-8dc5-029e2490d64b"><testcase classname="backend.tests.test_vehicle_features_iter105.TestVehicleFinancialSummaryAPI" name="test_nonexistent_vehicle_returns_404" time="0.593" /><testcase classname="backend.tests.test_vehicle_features_iter105.TestVehicleFinancialSummaryAPI" name="test_invalid_uuid_returns_404" time="0.102" /><testcase classname="backend.tests.test_vehicle_features_iter105.TestVehicleFinancialSummaryAPI" name="test_valid_vehicle_returns_supplier_archive_total" time="1.205" /><testcase classname="backend.tests.test_vehicle_features_iter105.TestVehiclesEndpoint" name="test_vehicles_list" time="0.458" /></testsuite></testsuites>