<?xml version="1.0" encoding="utf-8"?><testsuites name="pytest tests"><testsuite name="pytest" errors="0" failures="0" skipped="0" tests="14" time="6.750" timestamp="2026-04-10T20:30:08.881463+00:00" hostname="agent-env-93c76eef-5df8-4938-8dc5-029e2490d64b"><testcase classname="backend.tests.test_iteration_99.TestProfileAndSettingsAPIs" name="test_profile_api_returns_workshop_data" time="0.300" /><testcase classname="backend.tests.test_iteration_99.TestProfileAndSettingsAPIs" name="test_settings_api_returns_workshop_settings" time="0.591" /><testcase classname="backend.tests.test_iteration_99.TestAlKabeerBotDevMode" name="test_health_endpoint" time="0.122" /><testcase classname="backend.tests.test_iteration_99.TestAlKabeerBotDevMode" name="test_rrr_activates_dev_mode_for_manager" time="0.140" /><testcase classname="backend.tests.test_iteration_99.TestAlKabeerBotDevMode" name="test_rrr_activates_dev_mode_for_arabic_manager" time="0.160" /><testcase classname="backend.tests.test_iteration_99.TestAlKabeerBotDevMode" name="test_rrr_rejected_for_non_manager" time="0.131" /><testcase classname="backend.tests.test_iteration_99.TestAlKabeerBotDevMode" name="test_rrr_rejected_for_empty_role" time="0.117" /><testcase classname="backend.tests.test_iteration_99.TestAlKabeerBotDevMode" name="test_customization_endpoint_default" time="0.107" /><testcase classname="backend.tests.test_iteration_99.TestAlKabeerBotDevMode" name="test_dev_mode_hide_command_saves_customization" time="2.217" /><testcase classname="backend.tests.test_iteration_99.TestBudgetCRUD" name="test_get_budgets_endpoint" time="0.116" /><testcase classname="backend.tests.test_iteration_99.TestBudgetCRUD" name="test_create_budget_item" time="0.116" /><testcase classname="backend.tests.test_iteration_99.TestBudgetCRUD" name="test_create_and_delete_budget_item" time="0.215" /><testcase classname="backend.tests.test_iteration_99.TestTrialBalance" name="test_trial_balance_endpoint" time="1.167" /><testcase classname="backend.tests.test_iteration_99.TestJournalEntriesAPI" name="test_journal_entries_endpoint" time="1.157" /></testsuite></testsuites>