<?xml version="1.0" encoding="utf-8"?><testsuites name="pytest tests"><testsuite name="pytest" errors="0" failures="2" skipped="0" tests="9" time="34.092" timestamp="2026-04-08T14:01:25.714183+00:00" hostname="agent-env-93c76eef-5df8-4938-8dc5-029e2490d64b"><testcase classname="backend.tests.test_confirm_payment_iter93.TestConfirmPaymentEndpoint" name="test_confirm_payment_endpoint_exists" time="0.682"><failure message="AssertionError: Expected 400/404, got 500: {&quot;detail&quot;:&quot;{'message': 'invalid input syntax for type uuid: \&quot;invalid-op-id\&quot;', 'code': '22P02', 'hint': None, 'details': None}&quot;}&#10;assert 500 in (400, 404)&#10; +  where 500 = &lt;Response [500]&gt;.status_code">backend/tests/test_confirm_payment_iter93.py:87: in test_confirm_payment_endpoint_exists
    assert response.status_code in (400, 404), f"Expected 400/404, got {response.status_code}: {response.text}"
E   AssertionError: Expected 400/404, got 500: {"detail":"{'message': 'invalid input syntax for type uuid: \"invalid-op-id\"', 'code': '22P02', 'hint': None, 'details': None}"}
E   assert 500 in (400, 404)
E    +  where 500 = &lt;Response [500]&gt;.status_code</failure></testcase><testcase classname="backend.tests.test_confirm_payment_iter93.TestConfirmPaymentEndpoint" name="test_confirm_payment_requires_workshop_id" time="0.147" /><testcase classname="backend.tests.test_confirm_payment_iter93.TestConfirmPaymentEndpoint" name="test_confirm_payment_creates_journal_entry_cash_basis" time="6.339" /><testcase classname="backend.tests.test_confirm_payment_iter93.TestConfirmPaymentEndpoint" name="test_confirm_payment_partial_payments" time="6.455"><failure message="AssertionError: assert (None == 1500 or None == 1500.0)&#10; +  where None = &lt;built-in method get of dict object at 0xfa25a54ed440&gt;('paid')&#10; +    where &lt;built-in method get of dict object at 0xfa25a54ed440&gt; = {}.get&#10; +  and   None = &lt;built-in method get of dict object at 0xfa25a54ed440&gt;('paid')&#10; +    where &lt;built-in method get of dict object at 0xfa25a54ed440&gt; = {}.get">backend/tests/test_confirm_payment_iter93.py:160: in test_confirm_payment_partial_payments
    assert data2.get("paid") == 1500 or data2.get("paid") == 1500.0
E   AssertionError: assert (None == 1500 or None == 1500.0)
E    +  where None = &lt;built-in method get of dict object at 0xfa25a54ed440&gt;('paid')
E    +    where &lt;built-in method get of dict object at 0xfa25a54ed440&gt; = {}.get
E    +  and   None = &lt;built-in method get of dict object at 0xfa25a54ed440&gt;('paid')
E    +    where &lt;built-in method get of dict object at 0xfa25a54ed440&gt; = {}.get</failure></testcase><testcase classname="backend.tests.test_confirm_payment_iter93.TestConfirmPaymentEndpoint" name="test_confirm_payment_no_overpayment" time="6.149" /><testcase classname="backend.tests.test_confirm_payment_iter93.TestConfirmPaymentEndpoint" name="test_confirm_payment_already_paid_returns_no_remaining" time="6.352" /><testcase classname="backend.tests.test_confirm_payment_iter93.TestConfirmPaymentEndpoint" name="test_confirm_payment_purchase_operation" time="6.013" /><testcase classname="backend.tests.test_confirm_payment_iter93.TestOperationsAPI" name="test_operations_list" time="0.742" /><testcase classname="backend.tests.test_confirm_payment_iter93.TestOperationsAPI" name="test_operations_get_single" time="1.057" /></testsuite></testsuites>