<?xml version="1.0" encoding="utf-8"?><testsuites name="pytest tests"><testsuite name="pytest" errors="0" failures="0" skipped="0" tests="14" time="17.830" timestamp="2026-05-10T13:56:56.035854+00:00" hostname="agent-env-41e60bc5-ebe9-43ac-b948-7a2b2bbca094"><testcase classname="backend.tests.test_operations_validation_iter171.TestOperationsValidation" name="test_sale_without_vehicle_or_customer_returns_400" time="0.947" /><testcase classname="backend.tests.test_operations_validation_iter171.TestOperationsValidation" name="test_sale_return_without_vehicle_or_customer_returns_400" time="0.680" /><testcase classname="backend.tests.test_operations_validation_iter171.TestOperationsValidation" name="test_purchase_without_supplier_returns_400" time="0.681" /><testcase classname="backend.tests.test_operations_validation_iter171.TestOperationsValidation" name="test_purchase_return_without_supplier_returns_400" time="0.672" /><testcase classname="backend.tests.test_operations_validation_iter171.TestOperationsValidation" name="test_receipt_voucher_without_vehicle_returns_400" time="0.704" /><testcase classname="backend.tests.test_operations_validation_iter171.TestOperationsValidation" name="test_settlement_without_partner_returns_400" time="0.734" /><testcase classname="backend.tests.test_operations_validation_iter171.TestOperationsValidation" name="test_settlement_with_invalid_partner_type_returns_400" time="0.742" /><testcase classname="backend.tests.test_operations_validation_iter171.TestOperationsValidation" name="test_valid_sale_with_customer_succeeds" time="2.699" /><testcase classname="backend.tests.test_operations_validation_iter171.TestOperationsValidation" name="test_valid_purchase_with_supplier_succeeds" time="2.683" /><testcase classname="backend.tests.test_operations_validation_iter171.TestOperationsValidation" name="test_valid_settlement_with_customer_succeeds" time="2.751" /><testcase classname="backend.tests.test_operations_validation_iter171.TestOperationsValidation" name="test_valid_settlement_with_supplier_succeeds" time="2.681" /><testcase classname="backend.tests.test_operations_validation_iter171.TestOperationsAPIHealth" name="test_operations_list_endpoint" time="0.739" /><testcase classname="backend.tests.test_operations_validation_iter171.TestOperationsAPIHealth" name="test_accounts_endpoint" time="0.417" /><testcase classname="backend.tests.test_operations_validation_iter171.TestOperationsAPIHealth" name="test_smart_accounting_accounts_endpoint" time="0.531" /></testsuite></testsuites>