<?xml version="1.0" encoding="utf-8"?><testsuites name="pytest tests"><testsuite name="pytest" errors="0" failures="0" skipped="0" tests="8" time="15.366" timestamp="2026-04-06T09:34:16.236046+00:00" hostname="agent-env-93c76eef-5df8-4938-8dc5-029e2490d64b"><testcase classname="backend.tests.test_collection_order.TestCollectionOrderAPI" name="test_create_collection_order_success" time="5.437" /><testcase classname="backend.tests.test_collection_order.TestCollectionOrderAPI" name="test_create_collection_order_with_zero_amount_fails" time="2.527" /><testcase classname="backend.tests.test_collection_order.TestCollectionOrderAPI" name="test_list_payment_orders" time="0.641" /><testcase classname="backend.tests.test_collection_order.TestCollectionOrderAPI" name="test_collection_order_has_customer_partner_type" time="1.052" /><testcase classname="backend.tests.test_collection_order.TestCustomersAPI" name="test_list_customers" time="1.790" /><testcase classname="backend.tests.test_collection_order.TestCustomersAPI" name="test_customer_has_balance_fields" time="1.762" /><testcase classname="backend.tests.test_collection_order.TestChartOfAccountsAPI" name="test_list_chart_of_accounts" time="1.071" /><testcase classname="backend.tests.test_collection_order.TestChartOfAccountsAPI" name="test_accounts_have_required_fields" time="1.013" /></testsuite></testsuites>