<?xml version="1.0" encoding="utf-8"?><testsuites name="pytest tests"><testsuite name="pytest" errors="0" failures="0" skipped="0" tests="12" time="10.025" timestamp="2026-03-10T09:14:53.504406+00:00" hostname="agent-env-d760ed5b-267b-49c0-a03f-cb5edefefab0"><testcase classname="tests.test_smart_inventory.TestSmartInventoryDashboard" name="test_get_inventory_dashboard" time="1.127" /><testcase classname="tests.test_smart_inventory.TestSmartInventoryAlerts" name="test_get_inventory_alerts_default" time="0.868" /><testcase classname="tests.test_smart_inventory.TestSmartInventoryAlerts" name="test_get_inventory_alerts_with_limit" time="0.795" /><testcase classname="tests.test_smart_inventory.TestSmartInventoryControlPanel" name="test_get_control_panel_default" time="1.095" /><testcase classname="tests.test_smart_inventory.TestSmartInventoryControlPanel" name="test_get_control_panel_with_days" time="1.082" /><testcase classname="tests.test_smart_inventory.TestSmartInventoryArchitecture" name="test_get_inventory_architecture" time="1.127" /><testcase classname="tests.test_smart_inventory.TestRakanAnalytics" name="test_get_rakan_analytics" time="1.406" /><testcase classname="tests.test_smart_inventory.TestSmartInventoryBackorders" name="test_1_create_backorder" time="0.442" /><testcase classname="tests.test_smart_inventory.TestSmartInventoryBackorders" name="test_2_list_backorders" time="0.522" /><testcase classname="tests.test_smart_inventory.TestSmartInventoryBackorders" name="test_3_update_backorder_status" time="0.473" /><testcase classname="tests.test_smart_inventory.TestSmartInventoryBackorders" name="test_4_verify_backorder_status_change" time="0.523" /><testcase classname="tests.test_smart_inventory.TestPartsEndpointRegression" name="test_get_parts_list" time="0.471" /></testsuite></testsuites>