<?xml version="1.0" encoding="utf-8"?><testsuites name="pytest tests"><testsuite name="pytest" errors="0" failures="0" skipped="0" tests="7" time="2.672" timestamp="2026-05-14T16:12:38.009444+00:00" hostname="agent-env-cb96c7a7-1cdb-4eab-ad84-1e568ea38f19"><testcase classname="backend.tests.test_iteration_211_smart_pos_recent_entries" name="test_target_visit_receipt_entry_has_amount_source_party_vehicle" time="2.585" /><testcase classname="backend.tests.test_iteration_211_smart_pos_recent_entries" name="test_target_visit_receipt_entry_expected_values" time="0.000" /><testcase classname="backend.tests.test_iteration_211_smart_pos_recent_entries" name="test_target_description_contains_visit_token_for_frontend_stripping" time="0.000" /><testcase classname="backend.tests.test_iteration_211_smart_pos_recent_entries" name="test_lines_metadata_present_for_recent_card_line_summary" time="0.000" /><testcase classname="backend.tests.test_iteration_211_smart_pos_recent_entries" name="test_target_line_summary_accounts_include_cash_and_receivables" time="0.000" /><testcase classname="backend.tests.test_iteration_211_smart_pos_recent_entries" name="test_vehicle_label_can_be_filled_from_vehicle_ref_token_when_direct_link_missing" time="0.000" /><testcase classname="backend.tests.test_iteration_211_smart_pos_recent_entries" name="test_core_fields_for_journalentries_to_smartpos_transform_exist" time="0.000" /></testsuite></testsuites>