<?xml version="1.0" encoding="utf-8"?><testsuites name="pytest tests"><testsuite name="pytest" errors="0" failures="0" skipped="0" tests="9" time="8.182" timestamp="2026-01-24T20:18:11.621894+00:00" hostname="agent-env-65d46249-0cd0-4106-b834-b95cfb286fbc"><testcase classname="backend.tests.test_journal_entries_crud.TestJournalEntriesCRUD" name="test_create_journal_entry" time="1.359" /><testcase classname="backend.tests.test_journal_entries_crud.TestJournalEntriesCRUD" name="test_get_single_journal_entry" time="1.193" /><testcase classname="backend.tests.test_journal_entries_crud.TestJournalEntriesCRUD" name="test_get_nonexistent_entry" time="0.312" /><testcase classname="backend.tests.test_journal_entries_crud.TestJournalEntriesCRUD" name="test_update_journal_entry" time="1.805" /><testcase classname="backend.tests.test_journal_entries_crud.TestJournalEntriesCRUD" name="test_update_nonexistent_entry" time="0.316" /><testcase classname="backend.tests.test_journal_entries_crud.TestJournalEntriesCRUD" name="test_delete_journal_entry" time="1.311" /><testcase classname="backend.tests.test_journal_entries_crud.TestJournalEntriesCRUD" name="test_delete_nonexistent_entry" time="0.319" /><testcase classname="backend.tests.test_journal_entries_crud.TestJournalEntriesCRUD" name="test_list_journal_entries" time="0.593" /><testcase classname="backend.tests.test_journal_entries_crud.TestJournalEntryValidation" name="test_create_entry_with_balanced_lines" time="0.897" /></testsuite></testsuites>