<?xml version="1.0" encoding="utf-8"?><testsuites name="pytest tests"><testsuite name="pytest" errors="0" failures="0" skipped="0" tests="4" time="11.917" timestamp="2026-04-08T19:35:50.585744+00:00" hostname="agent-env-93c76eef-5df8-4938-8dc5-029e2490d64b"><testcase classname="backend.tests.test_operations_edit_iter97.TestOperationsEdit" name="test_put_operation_returns_404_for_nonexistent_id" time="0.972" /><testcase classname="backend.tests.test_operations_edit_iter97.TestOperationsEdit" name="test_put_operation_returns_error_for_invalid_uuid" time="0.457" /><testcase classname="backend.tests.test_operations_edit_iter97.TestOperationsEdit" name="test_create_and_update_operation" time="5.311" /><testcase classname="backend.tests.test_operations_edit_iter97.TestOperationsEdit" name="test_update_operation_items" time="5.112" /></testsuite></testsuites>