<?xml version="1.0" encoding="utf-8"?><testsuites name="pytest tests"><testsuite name="pytest" errors="0" failures="0" skipped="0" tests="8" time="13.120" timestamp="2026-04-06T16:04:48.750192+00:00" hostname="agent-env-93c76eef-5df8-4938-8dc5-029e2490d64b"><testcase classname="backend.tests.test_finance_reconciliation_iter74.TestReconciliationEndpoint" name="test_reconciliation_returns_success" time="2.772" /><testcase classname="backend.tests.test_finance_reconciliation_iter74.TestReconciliationEndpoint" name="test_reconciliation_rows_structure" time="2.309" /><testcase classname="backend.tests.test_finance_reconciliation_iter74.TestIncomeStatementEndpoint" name="test_income_statement_with_date_range" time="0.958" /><testcase classname="backend.tests.test_finance_reconciliation_iter74.TestIncomeStatementEndpoint" name="test_income_statement_different_periods_return_different_results" time="1.987" /><testcase classname="backend.tests.test_finance_reconciliation_iter74.TestPaymentOrderJournalEntry" name="test_journal_entries_endpoint_works" time="0.664" /><testcase classname="backend.tests.test_finance_reconciliation_iter74.TestPaymentOrderJournalEntry" name="test_reconciliation_includes_payment_order_type" time="2.325" /><testcase classname="backend.tests.test_finance_reconciliation_iter74.TestTrialBalanceEndpoint" name="test_trial_balance_returns_success" time="1.015" /><testcase classname="backend.tests.test_finance_reconciliation_iter74.TestCashFlowEndpoint" name="test_cash_flow_returns_success" time="1.019" /></testsuite></testsuites>