<?xml version="1.0" encoding="utf-8"?><testsuites name="pytest tests"><testsuite name="pytest" errors="0" failures="0" skipped="0" tests="14" time="8.114" timestamp="2026-04-13T20:52:00.980118+00:00" hostname="agent-env-8ec32cb3-98dc-4a99-8efd-b95bc30a9f1e"><testcase classname="backend.tests.test_moltbot_properties_iter129.TestMoltBotCustomizationAPI" name="test_health_endpoint" time="0.278" /><testcase classname="backend.tests.test_moltbot_properties_iter129.TestMoltBotCustomizationAPI" name="test_get_customization_returns_styles_and_assets" time="0.179" /><testcase classname="backend.tests.test_moltbot_properties_iter129.TestMoltBotCustomizationAPI" name="test_save_customization_with_styles" time="0.153" /><testcase classname="backend.tests.test_moltbot_properties_iter129.TestMoltBotCustomizationAPI" name="test_save_customization_with_assets" time="0.136" /><testcase classname="backend.tests.test_moltbot_properties_iter129.TestMoltBotCustomizationAPI" name="test_save_full_schema" time="0.181" /><testcase classname="backend.tests.test_moltbot_properties_iter129.TestMoltBotCustomizationAPI" name="test_get_persisted_data" time="0.153" /><testcase classname="backend.tests.test_moltbot_properties_iter129.TestAssetUploadEndpoint" name="test_upload_endpoint_exists" time="0.130" /><testcase classname="backend.tests.test_moltbot_properties_iter129.TestAssetUploadEndpoint" name="test_upload_small_image" time="0.807" /><testcase classname="backend.tests.test_moltbot_properties_iter129.TestAssetUploadEndpoint" name="test_download_endpoint_format" time="0.125" /><testcase classname="backend.tests.test_moltbot_properties_iter129.TestStyleSchemaFields" name="test_content_fields" time="0.128" /><testcase classname="backend.tests.test_moltbot_properties_iter129.TestStyleSchemaFields" name="test_style_fields" time="0.110" /><testcase classname="backend.tests.test_moltbot_properties_iter129.TestStyleSchemaFields" name="test_layout_fields" time="0.167" /><testcase classname="backend.tests.test_moltbot_properties_iter129.TestStyleSchemaFields" name="test_effects_fields" time="0.126" /><testcase classname="backend.tests.test_moltbot_properties_iter129.TestCleanup" name="test_cleanup_test_data" time="5.317" /></testsuite></testsuites>