<?xml version="1.0" encoding="utf-8"?><testsuites name="pytest tests"><testsuite name="pytest" errors="0" failures="0" skipped="1" tests="9" time="18.650" timestamp="2026-04-11T13:33:03.660074+00:00" hostname="agent-env-93c76eef-5df8-4938-8dc5-029e2490d64b"><testcase classname="backend.tests.test_vehicle_workshop_dues_90d_iter107.TestReclassifyVehicleWorkshopDues90Days" name="test_01_dry_run_initial" time="3.455" /><testcase classname="backend.tests.test_vehicle_workshop_dues_90d_iter107.TestReclassifyVehicleWorkshopDues90Days" name="test_02_reconciliation_before" time="3.188" /><testcase classname="backend.tests.test_vehicle_workshop_dues_90d_iter107.TestReclassifyVehicleWorkshopDues90Days" name="test_03_apply_changes_if_needed" time="1.933"><skipped type="pytest.skip" message="No candidates to fix - previous fix was successful">/app/backend/tests/test_vehicle_workshop_dues_90d_iter107.py:110: No candidates to fix - previous fix was successful</skipped></testcase><testcase classname="backend.tests.test_vehicle_workshop_dues_90d_iter107.TestReclassifyVehicleWorkshopDues90Days" name="test_04_dry_run_after_apply" time="1.878" /><testcase classname="backend.tests.test_vehicle_workshop_dues_90d_iter107.TestReclassifyVehicleWorkshopDues90Days" name="test_05_reconciliation_after" time="2.815" /><testcase classname="backend.tests.test_vehicle_workshop_dues_90d_iter107.TestVehicleFinancialSummary" name="test_vehicle_financial_summary_endpoint" time="1.797" /><testcase classname="backend.tests.test_vehicle_workshop_dues_90d_iter107.TestOperationsWorkshopTotalSeparation" name="test_operations_have_correct_totals" time="0.700" /><testcase classname="backend.tests.test_vehicle_workshop_dues_90d_iter107.TestReconciliationEndpoint" name="test_reconciliation_returns_valid_data" time="2.797" /><testcase classname="backend.tests.test_vehicle_workshop_dues_90d_iter107.TestReportFromMemory" name="test_report_file_exists_and_valid" time="0.000" /></testsuite></testsuites>