<?xml version="1.0" encoding="utf-8"?><testsuites name="pytest tests"><testsuite name="pytest" errors="0" failures="0" skipped="0" tests="8" time="25.537" timestamp="2026-04-06T17:22:06.667556+00:00" hostname="agent-env-93c76eef-5df8-4938-8dc5-029e2490d64b"><testcase classname="backend.tests.test_reconciliation_iter76.TestReconciliationAPI" name="test_reconciliation_returns_success" time="3.509" /><testcase classname="backend.tests.test_reconciliation_iter76.TestReconciliationAPI" name="test_reconciliation_matched_true_after_backfill" time="3.125" /><testcase classname="backend.tests.test_reconciliation_iter76.TestReconciliationAPI" name="test_reconciliation_rows_include_all_tracked_types" time="3.243" /><testcase classname="backend.tests.test_reconciliation_iter76.TestReconciliationAPI" name="test_reconciliation_rows_balanced" time="3.087" /><testcase classname="backend.tests.test_reconciliation_iter76.TestReconciliationAPI" name="test_reconciliation_summary_structure" time="3.211" /><testcase classname="backend.tests.test_reconciliation_iter76.TestBackfillJournalsAPI" name="test_backfill_dry_run_returns_success" time="3.090" /><testcase classname="backend.tests.test_reconciliation_iter76.TestBackfillJournalsAPI" name="test_backfill_dry_run_missing_count_zero" time="3.155" /><testcase classname="backend.tests.test_reconciliation_iter76.TestBackfillJournalsAPI" name="test_backfill_dry_run_structure" time="3.050" /></testsuite></testsuites>