<?xml version="1.0" encoding="utf-8"?><testsuites name="pytest tests"><testsuite name="pytest" errors="0" failures="0" skipped="0" tests="12" time="13.316" timestamp="2026-05-13T07:48:14.012036+00:00" hostname="agent-env-f6be55d8-64ec-4411-a52d-1abff0976d89"><testcase classname="backend.tests.test_iteration_201_payments_operations.TestOperationsPaymentIntegration" name="test_operations_list_returns_payment_fields" time="1.432" /><testcase classname="backend.tests.test_iteration_201_payments_operations.TestOperationsPaymentIntegration" name="test_known_visit_operation_has_correct_payment_data" time="0.726" /><testcase classname="backend.tests.test_iteration_201_payments_operations.TestOperationsPaymentIntegration" name="test_operation_get_returns_visit_linked_fields" time="0.708" /><testcase classname="backend.tests.test_iteration_201_payments_operations.TestJournalEntriesVisitReceipt" name="test_journal_entries_with_visit_receipt_source_exist" time="1.355" /><testcase classname="backend.tests.test_iteration_201_payments_operations.TestJournalEntriesVisitReceipt" name="test_visit_receipt_journal_entry_has_required_tags" time="0.129" /><testcase classname="backend.tests.test_iteration_201_payments_operations.TestJournalEntriesVisitReceipt" name="test_visit_receipt_journal_entry_has_reference_id" time="0.110" /><testcase classname="backend.tests.test_iteration_201_payments_operations.TestOperationsPageIntegration" name="test_operations_list_endpoint_works" time="1.023" /><testcase classname="backend.tests.test_iteration_201_payments_operations.TestOperationsPageIntegration" name="test_operations_with_vehicle_filter" time="2.088" /><testcase classname="backend.tests.test_iteration_201_payments_operations.TestOperationsPageIntegration" name="test_operations_integrity_check_endpoint" time="2.504" /><testcase classname="backend.tests.test_iteration_201_payments_operations.TestOperationsPaymentSummary" name="test_operations_list_includes_workshop_total" time="1.040" /><testcase classname="backend.tests.test_iteration_201_payments_operations.TestOperationsPaymentSummary" name="test_operations_list_includes_supplier_archive_total" time="1.074" /><testcase classname="backend.tests.test_iteration_201_payments_operations.TestOperationsPaymentSummary" name="test_operations_list_includes_advance_paid" time="1.017" /></testsuite></testsuites>