<?xml version="1.0" encoding="utf-8"?><testsuites name="pytest tests"><testsuite name="pytest" errors="0" failures="1" skipped="0" tests="16" time="50.927" timestamp="2026-03-09T04:50:25.386469+00:00" hostname="agent-env-a8dc31e0-c549-429e-9001-da0d0696c7db"><testcase classname="backend.tests.test_operation_kinds_validation.TestOperationKindsValidation" name="test_workshop_operation_accepts_without_customer_and_vehicle" time="4.752" /><testcase classname="backend.tests.test_operation_kinds_validation.TestOperationKindsValidation" name="test_workshop_operation_accepts_with_partner_name_only" time="4.030" /><testcase classname="backend.tests.test_operation_kinds_validation.TestOperationKindsValidation" name="test_vehicle_operation_rejects_without_vehicle" time="1.912" /><testcase classname="backend.tests.test_operation_kinds_validation.TestOperationKindsValidation" name="test_vehicle_operation_accepts_with_vehicle" time="4.243" /><testcase classname="backend.tests.test_operation_kinds_validation.TestOperationKindsValidation" name="test_vehicle_operation_auto_fills_customer_from_vehicle" time="4.273"><failure message="AssertionError: Customer ID should be auto-filled from vehicle&#10;assert None == 'd876cb34-6ff2-42ad-8d56-c5da79c8e3f9'&#10; +  where None = &lt;built-in method get of dict object at 0xfe3105b9f200&gt;('partnerId')&#10; +    where &lt;built-in method get of dict object at 0xfe3105b9f200&gt; = {'accountId': '40b024d7-260d-4b45-94fb-20c1c594c76f', 'accountingAccountId': None, 'businessUnit': 'workshop', 'createdAt': '2026-03-09T04:50:43.377989+00:00', ...}.get">backend/tests/test_operation_kinds_validation.py:191: in test_vehicle_operation_auto_fills_customer_from_vehicle
    assert data.get("partnerId") == vehicle_customer_id, f"Customer ID should be auto-filled from vehicle"
E   AssertionError: Customer ID should be auto-filled from vehicle
E   assert None == 'd876cb34-6ff2-42ad-8d56-c5da79c8e3f9'
E    +  where None = &lt;built-in method get of dict object at 0xfe3105b9f200&gt;('partnerId')
E    +    where &lt;built-in method get of dict object at 0xfe3105b9f200&gt; = {'accountId': '40b024d7-260d-4b45-94fb-20c1c594c76f', 'accountingAccountId': None, 'businessUnit': 'workshop', 'createdAt': '2026-03-09T04:50:43.377989+00:00', ...}.get</failure></testcase><testcase classname="backend.tests.test_operation_kinds_validation.TestOperationKindsValidation" name="test_rakan_operation_rejects_without_customer_or_vehicle" time="1.783" /><testcase classname="backend.tests.test_operation_kinds_validation.TestOperationKindsValidation" name="test_rakan_operation_accepts_with_customer_only" time="3.895" /><testcase classname="backend.tests.test_operation_kinds_validation.TestOperationKindsValidation" name="test_rakan_operation_accepts_with_vehicle_only" time="4.371" /><testcase classname="backend.tests.test_operation_kinds_validation.TestOperationKindsValidation" name="test_rakan_operation_accepts_with_partner_name_only" time="3.898" /><testcase classname="backend.tests.test_operation_kinds_validation.TestOperationKindsValidation" name="test_fk_error_fix_invalid_account_id_resolved" time="3.985" /><testcase classname="backend.tests.test_operation_kinds_validation.TestOperationKindsValidation" name="test_fk_error_fix_empty_account_id_resolved" time="3.872" /><testcase classname="backend.tests.test_operation_kinds_validation.TestOperationKindsValidation" name="test_rakan_operation_uses_rakan_business_account" time="3.844" /><testcase classname="backend.tests.test_operation_kinds_validation.TestOperationKindsValidation" name="test_workshop_operation_uses_workshop_business_account" time="3.967" /><testcase classname="backend.tests.test_operation_kinds_validation.TestOperationsListAndFiltering" name="test_list_operations_returns_all" time="0.484" /><testcase classname="backend.tests.test_operation_kinds_validation.TestOperationsListAndFiltering" name="test_operations_have_scope_field" time="0.510" /><testcase classname="backend.tests.test_operation_kinds_validation.TestOperationsListAndFiltering" name="test_filter_operations_by_vehicle_id" time="0.910" /></testsuite></testsuites>