<?xml version="1.0" encoding="utf-8"?><testsuites name="pytest tests"><testsuite name="pytest" errors="0" failures="0" skipped="0" tests="8" time="49.897" timestamp="2026-04-19T19:59:17.533854+00:00" hostname="agent-env-31fd6605-7152-4827-9c2b-a108f8b061de"><testcase classname="backend.tests.test_confirm_payment_receipt_iter145.TestConfirmPaymentReceipt" name="test_api_health" time="0.751" /><testcase classname="backend.tests.test_confirm_payment_receipt_iter145.TestConfirmPaymentReceipt" name="test_create_credit_operation" time="4.867" /><testcase classname="backend.tests.test_confirm_payment_receipt_iter145.TestConfirmPaymentReceipt" name="test_confirm_payment_with_text_receipt" time="7.806" /><testcase classname="backend.tests.test_confirm_payment_receipt_iter145.TestConfirmPaymentReceipt" name="test_confirm_payment_with_image_receipt" time="13.492" /><testcase classname="backend.tests.test_confirm_payment_receipt_iter145.TestConfirmPaymentReceipt" name="test_get_payment_receipt_file" time="7.666" /><testcase classname="backend.tests.test_confirm_payment_receipt_iter145.TestConfirmPaymentReceipt" name="test_confirm_payment_without_receipt_no_regression" time="6.888" /><testcase classname="backend.tests.test_confirm_payment_receipt_iter145.TestConfirmPaymentReceipt" name="test_operation_notes_contain_receipt_marker" time="8.219" /><testcase classname="backend.tests.test_confirm_payment_receipt_iter145.TestConfirmPaymentReceipt" name="test_receipt_file_not_found_returns_404" time="0.137" /></testsuite></testsuites>