<?xml version="1.0" encoding="utf-8"?><testsuites name="pytest tests"><testsuite name="pytest" errors="0" failures="0" skipped="0" tests="6" time="5.385" timestamp="2026-04-11T13:36:28.710204+00:00" hostname="agent-env-93c76eef-5df8-4938-8dc5-029e2490d64b"><testcase classname="backend.tests.test_operations_workshop_total_iter108.TestOperationsWorkshopTotal" name="test_operations_list_returns_workshop_total_fields" time="1.007" /><testcase classname="backend.tests.test_operations_workshop_total_iter108.TestOperationsWorkshopTotal" name="test_operations_list_workshop_total_not_zero_when_has_items" time="0.698" /><testcase classname="backend.tests.test_operations_workshop_total_iter108.TestOperationsWorkshopTotal" name="test_single_operation_get_has_workshop_total" time="1.106" /><testcase classname="backend.tests.test_operations_workshop_total_iter108.TestOperationsWorkshopTotal" name="test_operation_with_supplier_items_calculation" time="0.703" /><testcase classname="backend.tests.test_operations_workshop_total_iter108.TestOperationsWorkshopTotal" name="test_no_regression_operations_list_basic" time="0.694" /><testcase classname="backend.tests.test_operations_workshop_total_iter108.TestOperationsWorkshopTotal" name="test_no_regression_operations_get_basic" time="1.105" /></testsuite></testsuites>