<?xml version="1.0" encoding="utf-8"?><testsuites name="pytest tests"><testsuite name="pytest" errors="0" failures="0" skipped="0" tests="6" time="19.449" timestamp="2026-04-05T11:45:28.272080+00:00" hostname="agent-env-93c76eef-5df8-4938-8dc5-029e2490d64b"><testcase classname="tests.test_customer_file_number.TestCustomerFileNumber" name="test_create_customer_with_file_number" time="2.997" /><testcase classname="tests.test_customer_file_number.TestCustomerFileNumber" name="test_create_customer_without_file_number" time="2.532" /><testcase classname="tests.test_customer_file_number.TestCustomerFileNumber" name="test_get_customers_shows_file_number" time="4.739" /><testcase classname="tests.test_customer_file_number.TestCustomerFileNumber" name="test_update_customer_file_number" time="2.890" /><testcase classname="tests.test_customer_file_number.TestCustomerFileNumber" name="test_update_other_fields_preserves_file_number" time="3.355" /><testcase classname="tests.test_customer_file_number.TestCustomerFileNumber" name="test_clear_file_number" time="2.873" /></testsuite></testsuites>