<?xml version="1.0" encoding="utf-8"?><testsuites name="pytest tests"><testsuite name="pytest" errors="0" failures="0" skipped="0" tests="8" time="17.287" timestamp="2026-04-07T07:33:21.947884+00:00" hostname="agent-env-93c76eef-5df8-4938-8dc5-029e2490d64b"><testcase classname="backend.tests.test_cash_formula_iter82.TestCashFormulaFix" name="test_income_statement_returns_revenue_and_expenses" time="2.057" /><testcase classname="backend.tests.test_cash_formula_iter82.TestCashFormulaFix" name="test_cash_formula_is_revenue_minus_expenses" time="1.198" /><testcase classname="backend.tests.test_cash_formula_iter82.TestPurchaseJournalEntryLogic" name="test_purchase_with_non_expense_account_maps_to_6100" time="3.821" /><testcase classname="backend.tests.test_cash_formula_iter82.TestPurchaseJournalEntryLogic" name="test_purchase_return_uses_expense_account_on_credit" time="3.557" /><testcase classname="backend.tests.test_cash_formula_iter82.TestRegressionIncomeTab" name="test_income_statement_api_works" time="1.161" /><testcase classname="backend.tests.test_cash_formula_iter82.TestRegressionIncomeTab" name="test_account_tree_details_api_works" time="1.647" /><testcase classname="backend.tests.test_cash_formula_iter82.TestRegressionJournalEntries" name="test_journal_entries_api_returns_enriched_fields" time="0.994" /><testcase classname="backend.tests.test_cash_formula_iter82.TestRegressionJournalEntries" name="test_reconciliation_api_works" time="2.780" /></testsuite></testsuites>