<?xml version="1.0" encoding="utf-8"?><testsuites name="pytest tests"><testsuite name="pytest" errors="0" failures="0" skipped="0" tests="13" time="4.115" timestamp="2026-04-11T23:03:22.860640+00:00" hostname="agent-env-8ec32cb3-98dc-4a99-8efd-b95bc30a9f1e"><testcase classname="backend.tests.test_liquid_builder_iter117.TestLiquidBuilderHealth" name="test_health_check" time="0.274" /><testcase classname="backend.tests.test_liquid_builder_iter117.TestPageCustomization" name="test_get_customization_dashboard" time="0.105" /><testcase classname="backend.tests.test_liquid_builder_iter117.TestPageCustomization" name="test_get_customization_customers" time="0.153" /><testcase classname="backend.tests.test_liquid_builder_iter117.TestPageCustomization" name="test_get_customization_operations" time="0.139" /><testcase classname="backend.tests.test_liquid_builder_iter117.TestPageCustomization" name="test_save_customization_for_page" time="0.110" /><testcase classname="backend.tests.test_liquid_builder_iter117.TestPageCustomization" name="test_get_saved_customization" time="0.139" /><testcase classname="backend.tests.test_liquid_builder_iter117.TestBotTabRRRMode" name="test_rrr_activates_dev_mode_for_manager" time="0.099" /><testcase classname="backend.tests.test_liquid_builder_iter117.TestBotTabRRRMode" name="test_exit_deactivates_dev_mode" time="0.223" /><testcase classname="backend.tests.test_liquid_builder_iter117.TestBotTabRRRMode" name="test_rrr_denied_for_non_manager" time="0.145" /><testcase classname="backend.tests.test_liquid_builder_iter117.TestBotTabRRRMode" name="test_dev_mode_hide_command" time="1.535" /><testcase classname="backend.tests.test_liquid_builder_iter117.TestBotTabRRRMode" name="test_dev_mode_reset_page" time="0.211" /><testcase classname="backend.tests.test_liquid_builder_iter117.TestMultiPageCustomization" name="test_different_pages_have_separate_configs" time="0.466" /><testcase classname="backend.tests.test_liquid_builder_iter117.TestCleanup" name="test_cleanup_test_pages" time="0.430" /></testsuite></testsuites>