<?xml version="1.0" encoding="utf-8"?><testsuites name="pytest tests"><testsuite name="pytest" errors="0" failures="0" skipped="0" tests="12" time="18.952" timestamp="2026-03-08T02:17:17.119061+00:00" hostname="agent-env-a8dc31e0-c549-429e-9001-da0d0696c7db"><testcase classname="backend.tests.test_account_toggle_delete.TestAccountStatusOverrides" name="test_get_status_overrides_returns_map" time="1.892" /><testcase classname="backend.tests.test_account_toggle_delete.TestAccountToggleActive" name="test_toggle_unauthorized_fails_403" time="0.659" /><testcase classname="backend.tests.test_account_toggle_delete.TestAccountToggleActive" name="test_toggle_authorized_manager_success" time="3.012" /><testcase classname="backend.tests.test_account_toggle_delete.TestAccountToggleActive" name="test_toggle_admin_role_success" time="2.201" /><testcase classname="backend.tests.test_account_toggle_delete.TestAccountToggleActive" name="test_toggle_nonexistent_account_404" time="0.488" /><testcase classname="backend.tests.test_account_toggle_delete.TestAccountToggleActive" name="test_toggle_system_account_blocked" time="0.939" /><testcase classname="backend.tests.test_account_toggle_delete.TestAccountDelete" name="test_delete_unauthorized_fails_403" time="1.876" /><testcase classname="backend.tests.test_account_toggle_delete.TestAccountDelete" name="test_delete_authorized_manager_success" time="2.322" /><testcase classname="backend.tests.test_account_toggle_delete.TestAccountDelete" name="test_delete_nonexistent_account_404" time="0.479" /><testcase classname="backend.tests.test_account_toggle_delete.TestAccountDelete" name="test_delete_system_account_blocked" time="0.970" /><testcase classname="backend.tests.test_account_toggle_delete.TestRegressionAccountCRUD" name="test_create_account_still_works" time="1.741" /><testcase classname="backend.tests.test_account_toggle_delete.TestRegressionAccountCRUD" name="test_update_account_still_works" time="2.287" /></testsuite></testsuites>