<?xml version="1.0" encoding="utf-8"?><testsuites name="pytest tests"><testsuite name="pytest" errors="0" failures="0" skipped="0" tests="10" time="16.609" timestamp="2026-04-11T17:39:27.365844+00:00" hostname="agent-env-8ec32cb3-98dc-4a99-8efd-b95bc30a9f1e"><testcase classname="backend.tests.test_audit_export_iter114.TestAuditLogEndpoint" name="test_audit_logs_returns_200" time="0.148" /><testcase classname="backend.tests.test_audit_export_iter114.TestAuditLogEndpoint" name="test_audit_logs_structure" time="0.102" /><testcase classname="backend.tests.test_audit_export_iter114.TestAuditLogEndpoint" name="test_audit_logs_with_workshop_filter" time="0.105" /><testcase classname="backend.tests.test_audit_export_iter114.TestAuditLogEndpoint" name="test_audit_logs_with_action_filter" time="0.107" /><testcase classname="backend.tests.test_audit_export_iter114.TestARExportEndpoint" name="test_ar_export_returns_200" time="4.124" /><testcase classname="backend.tests.test_audit_export_iter114.TestARExportEndpoint" name="test_ar_export_content_type" time="3.402" /><testcase classname="backend.tests.test_audit_export_iter114.TestARExportEndpoint" name="test_ar_export_valid_xlsx" time="3.604" /><testcase classname="backend.tests.test_audit_export_iter114.TestARExportEndpoint" name="test_ar_export_with_customer_filter" time="4.677" /><testcase classname="backend.tests.test_audit_export_iter114.TestAlKabeerBotHealth" name="test_alkabeer_bot_health" time="0.133" /><testcase classname="backend.tests.test_audit_export_iter114.TestAlKabeerBotHealth" name="test_alkabeer_bot_health_structure" time="0.135" /></testsuite></testsuites>