<?xml version="1.0" encoding="utf-8"?><testsuites name="pytest tests"><testsuite name="pytest" errors="0" failures="0" skipped="0" tests="6" time="6.089" timestamp="2026-04-08T19:15:53.309342+00:00" hostname="agent-env-93c76eef-5df8-4938-8dc5-029e2490d64b"><testcase classname="backend.tests.test_operations_edit.TestOperationsEdit" name="test_list_operations" time="1.107" /><testcase classname="backend.tests.test_operations_edit.TestOperationsEdit" name="test_get_single_operation" time="1.088" /><testcase classname="backend.tests.test_operations_edit.TestOperationsEdit" name="test_update_operation_notes" time="1.078" /><testcase classname="backend.tests.test_operations_edit.TestOperationsEdit" name="test_update_operation_items" time="1.200" /><testcase classname="backend.tests.test_operations_edit.TestOperationsEdit" name="test_update_operation_partner" time="1.105" /><testcase classname="backend.tests.test_operations_edit.TestOperationsEdit" name="test_update_nonexistent_operation" time="0.442" /></testsuite></testsuites>