<?xml version="1.0" encoding="utf-8"?><testsuites name="pytest tests"><testsuite name="pytest" errors="0" failures="0" skipped="0" tests="8" time="1.587" timestamp="2026-04-24T00:39:32.584064+00:00" hostname="agent-env-31fd6605-7152-4827-9c2b-a108f8b061de"><testcase classname="backend.tests.test_finance_bot_iter160.TestFinanceBotHealth" name="test_health_endpoint" time="0.253" /><testcase classname="backend.tests.test_finance_bot_iter160.TestFinanceBotChatHardGuard" name="test_chat_returns_single_question" time="0.129" /><testcase classname="backend.tests.test_finance_bot_iter160.TestFinanceBotStateMachine" name="test_state_machine_open_to_probing" time="0.139" /><testcase classname="backend.tests.test_finance_bot_iter160.TestFinanceBotStateMachine" name="test_priority_highest_severity_first" time="0.119" /><testcase classname="backend.tests.test_finance_bot_iter160.TestFinanceBotHighSeverityEvidence" name="test_high_severity_requires_evidence" time="0.239" /><testcase classname="backend.tests.test_finance_bot_iter160.TestFinanceBotEvidenceUpload" name="test_evidence_upload_returns_id" time="0.126" /><testcase classname="backend.tests.test_finance_bot_iter160.TestFinanceBotEvidenceCloseFinding" name="test_evidence_closes_finding" time="0.227" /><testcase classname="backend.tests.test_finance_bot_iter160.TestFinanceBotSessionPersistence" name="test_session_persists_state" time="0.272" /></testsuite></testsuites>