<?xml version="1.0" encoding="utf-8"?><testsuites name="pytest tests"><testsuite name="pytest" errors="0" failures="0" skipped="0" tests="12" time="12.922" timestamp="2026-03-09T19:28:16.967307+00:00" hostname="agent-env-8892a81d-aa8e-4ce8-bd08-2b05ee85084a"><testcase classname="backend.tests.test_smart_inventory.TestSmartInventoryDashboard" name="test_get_inventory_dashboard" time="1.348" /><testcase classname="backend.tests.test_smart_inventory.TestSmartInventoryAlerts" name="test_get_inventory_alerts_default" time="0.823" /><testcase classname="backend.tests.test_smart_inventory.TestSmartInventoryAlerts" name="test_get_inventory_alerts_with_limit" time="0.915" /><testcase classname="backend.tests.test_smart_inventory.TestSmartInventoryControlPanel" name="test_get_control_panel_default" time="1.122" /><testcase classname="backend.tests.test_smart_inventory.TestSmartInventoryControlPanel" name="test_get_control_panel_with_days" time="3.387" /><testcase classname="backend.tests.test_smart_inventory.TestSmartInventoryArchitecture" name="test_get_inventory_architecture" time="1.279" /><testcase classname="backend.tests.test_smart_inventory.TestRakanAnalytics" name="test_get_rakan_analytics" time="1.474" /><testcase classname="backend.tests.test_smart_inventory.TestSmartInventoryBackorders" name="test_1_create_backorder" time="0.503" /><testcase classname="backend.tests.test_smart_inventory.TestSmartInventoryBackorders" name="test_2_list_backorders" time="0.485" /><testcase classname="backend.tests.test_smart_inventory.TestSmartInventoryBackorders" name="test_3_update_backorder_status" time="0.522" /><testcase classname="backend.tests.test_smart_inventory.TestSmartInventoryBackorders" name="test_4_verify_backorder_status_change" time="0.533" /><testcase classname="backend.tests.test_smart_inventory.TestPartsEndpointRegression" name="test_get_parts_list" time="0.457" /></testsuite></testsuites>