<?xml version="1.0" encoding="utf-8"?><testsuites name="pytest tests"><testsuite name="pytest" errors="0" failures="0" skipped="0" tests="12" time="15.500" timestamp="2026-04-07T05:49:44.111896+00:00" hostname="agent-env-93c76eef-5df8-4938-8dc5-029e2490d64b"><testcase classname="backend.tests.test_chart_of_accounts_liquid.TestAccountsTree" name="test_accounts_tree_default" time="1.072" /><testcase classname="backend.tests.test_chart_of_accounts_liquid.TestAccountsTree" name="test_accounts_tree_type_filter" time="3.785" /><testcase classname="backend.tests.test_chart_of_accounts_liquid.TestAccountsTree" name="test_accounts_tree_hide_zero" time="0.842" /><testcase classname="backend.tests.test_chart_of_accounts_liquid.TestAccountsTree" name="test_accounts_tree_search_returns_flat" time="0.767" /><testcase classname="backend.tests.test_chart_of_accounts_liquid.TestAccountTransactions" name="test_account_transactions_valid" time="1.585" /><testcase classname="backend.tests.test_chart_of_accounts_liquid.TestAccountTransactions" name="test_account_transactions_limit" time="1.512" /><testcase classname="backend.tests.test_chart_of_accounts_liquid.TestAccountSparkline" name="test_account_sparkline_valid" time="1.506" /><testcase classname="backend.tests.test_chart_of_accounts_liquid.TestAccountTouch" name="test_account_touch" time="1.199" /><testcase classname="backend.tests.test_chart_of_accounts_liquid.TestAccountsExport" name="test_accounts_export_default" time="0.769" /><testcase classname="backend.tests.test_chart_of_accounts_liquid.TestAccountsExport" name="test_accounts_export_filtered" time="0.745" /><testcase classname="backend.tests.test_chart_of_accounts_liquid.TestRegressionExistingEndpoints" name="test_accounts_list_still_works" time="0.474" /><testcase classname="backend.tests.test_chart_of_accounts_liquid.TestRegressionExistingEndpoints" name="test_finance_chart_of_accounts_still_works" time="1.159" /></testsuite></testsuites>