<?xml version="1.0" encoding="utf-8"?><testsuites name="pytest tests"><testsuite name="pytest" errors="0" failures="1" skipped="0" tests="10" time="22.143" timestamp="2026-05-10T17:56:58.331955+00:00" hostname="agent-env-41e60bc5-ebe9-43ac-b948-7a2b2bbca094"><testcase classname="backend.tests.test_integrity_linkage.TestOperationsIntegrityCheck" name="test_integrity_check_with_op_ids" time="1.630" /><testcase classname="backend.tests.test_integrity_linkage.TestOperationsIntegrityCheck" name="test_integrity_check_with_vehicle_id" time="1.919" /><testcase classname="backend.tests.test_integrity_linkage.TestOperationsIntegrityCheck" name="test_integrity_check_empty_op_ids" time="1.243"><failure message="AssertionError: assert [{'duplicate_...k', ...}, ...] == []&#10;  &#10;  Left contains 46 more items, first extra item: {'duplicate_group_size': 1, 'links': {'has_vehicle': False, 'has_visit': False, 'journal_count': 0, 'visit_vehicle_match': True}, 'op_id': 'b4e5733d-c6a0-4c5c-bde0-07c8637283ba', 'status': 'warning', ...}&#10;  &#10;  Full diff:&#10;  - []&#10;  + [&#10;  +     {...&#10;  &#10;  ...Full output truncated (584 lines hidden), use '-vv' to show">backend/tests/test_integrity_linkage.py:109: in test_integrity_check_empty_op_ids
    assert data['data']['items'] == []
E   AssertionError: assert [{'duplicate_...k', ...}, ...] == []
E     
E     Left contains 46 more items, first extra item: {'duplicate_group_size': 1, 'links': {'has_vehicle': False, 'has_visit': False, 'journal_count': 0, 'visit_vehicle_match': True}, 'op_id': 'b4e5733d-c6a0-4c5c-bde0-07c8637283ba', 'status': 'warning', ...}
E     
E     Full diff:
E     - []
E     + [
E     +     {...
E     
E     ...Full output truncated (584 lines hidden), use '-vv' to show</failure></testcase><testcase classname="backend.tests.test_integrity_linkage.TestOperationsIntegrityCheck" name="test_integrity_check_warnings_detection" time="1.957" /><testcase classname="backend.tests.test_integrity_linkage.TestOperationsCRUD" name="test_create_sale_operation" time="3.082" /><testcase classname="backend.tests.test_integrity_linkage.TestOperationsCRUD" name="test_create_purchase_operation" time="3.063" /><testcase classname="backend.tests.test_integrity_linkage.TestOperationsCRUD" name="test_create_settlement_operation" time="5.971" /><testcase classname="backend.tests.test_integrity_linkage.TestJournalEntriesLinkage" name="test_journal_entries_list" time="1.087" /><testcase classname="backend.tests.test_integrity_linkage.TestVehicleDetailsLinkage" name="test_vehicle_details_endpoint" time="1.019" /><testcase classname="backend.tests.test_integrity_linkage.TestVehicleDetailsLinkage" name="test_vehicle_visits_endpoint" time="1.062" /></testsuite></testsuites>