<?xml version="1.0" encoding="utf-8"?><testsuites name="pytest tests"><testsuite name="pytest" errors="0" failures="0" skipped="0" tests="14" time="2.577" timestamp="2026-04-11T22:26:33.109222+00:00" hostname="agent-env-8ec32cb3-98dc-4a99-8efd-b95bc30a9f1e"><testcase classname="backend.tests.test_liquid_builder_iter116.TestCustomizationAPI" name="test_health_check" time="0.255" /><testcase classname="backend.tests.test_liquid_builder_iter116.TestCustomizationAPI" name="test_get_customization_default" time="0.111" /><testcase classname="backend.tests.test_liquid_builder_iter116.TestCustomizationAPI" name="test_put_customization_labels" time="0.162" /><testcase classname="backend.tests.test_liquid_builder_iter116.TestCustomizationAPI" name="test_put_customization_hidden" time="0.161" /><testcase classname="backend.tests.test_liquid_builder_iter116.TestCustomizationAPI" name="test_put_customization_contents" time="0.196" /><testcase classname="backend.tests.test_liquid_builder_iter116.TestCustomizationAPI" name="test_put_customization_custom_cards" time="0.108" /><testcase classname="backend.tests.test_liquid_builder_iter116.TestCustomizationAPI" name="test_get_customization_after_put" time="0.204" /><testcase classname="backend.tests.test_liquid_builder_iter116.TestCustomizationAPI" name="test_put_customization_full_schema" time="0.109" /><testcase classname="backend.tests.test_liquid_builder_iter116.TestCustomizationAPI" name="test_customization_different_paths" time="0.513" /><testcase classname="backend.tests.test_liquid_builder_iter116.TestCustomizationAPI" name="test_customization_manager_default_user" time="0.128" /><testcase classname="backend.tests.test_liquid_builder_iter116.TestCustomizationAPI" name="test_cleanup_test_data" time="0.108" /><testcase classname="backend.tests.test_liquid_builder_iter116.TestChatWidgetRRRIntegration" name="test_rrr_mode_requires_manager_role" time="0.109" /><testcase classname="backend.tests.test_liquid_builder_iter116.TestChatWidgetRRRIntegration" name="test_rrr_mode_activates_for_manager" time="0.100" /><testcase classname="backend.tests.test_liquid_builder_iter116.TestChatWidgetRRRIntegration" name="test_dev_mode_exit" time="0.223" /></testsuite></testsuites>