<?xml version="1.0" encoding="utf-8"?><testsuites name="pytest tests"><testsuite name="pytest" errors="0" failures="0" skipped="0" tests="13" time="23.117" timestamp="2026-04-04T14:51:20.675849+00:00" hostname="agent-env-93c76eef-5df8-4938-8dc5-029e2490d64b"><testcase classname="tests.test_partner_movements.TestCustomersMovements" name="test_customers_endpoint_returns_200" time="2.401" /><testcase classname="tests.test_partner_movements.TestCustomersMovements" name="test_customers_returns_list" time="2.266" /><testcase classname="tests.test_partner_movements.TestCustomersMovements" name="test_customer_has_movements_field" time="2.210" /><testcase classname="tests.test_partner_movements.TestCustomersMovements" name="test_customer_movements_have_required_fields" time="2.334" /><testcase classname="tests.test_partner_movements.TestCustomersMovements" name="test_customer_movements_have_vehicleId" time="2.251" /><testcase classname="tests.test_partner_movements.TestCustomersMovements" name="test_customer_financial_fields" time="2.317" /><testcase classname="tests.test_partner_movements.TestSuppliersMovements" name="test_suppliers_endpoint_returns_200" time="1.624" /><testcase classname="tests.test_partner_movements.TestSuppliersMovements" name="test_suppliers_returns_list" time="1.315" /><testcase classname="tests.test_partner_movements.TestSuppliersMovements" name="test_supplier_has_movements_field" time="1.325" /><testcase classname="tests.test_partner_movements.TestSuppliersMovements" name="test_supplier_financial_fields" time="1.312" /><testcase classname="tests.test_partner_movements.TestSuppliersMovements" name="test_supplier_movements_structure_if_present" time="1.328" /><testcase classname="tests.test_partner_movements.TestVehicleCustomerFallback" name="test_customer_with_vehicle_movement" time="2.261" /><testcase classname="tests.test_partner_movements.TestHealthCheck" name="test_health_endpoint" time="0.105" /></testsuite></testsuites>