<?xml version="1.0" encoding="utf-8"?><testsuites name="pytest tests"><testsuite name="pytest" errors="0" failures="0" skipped="0" tests="2" time="6.594" timestamp="2026-05-14T15:41:43.431849+00:00" hostname="agent-env-cb96c7a7-1cdb-4eab-ad84-1e568ea38f19"><testcase classname="backend.tests.test_permissions_iter210.TestUsersPermissionNormalization" name="test_permissions_normalize_from_work_orders_reports_vehicles" time="5.339" /><testcase classname="backend.tests.test_permissions_iter210.TestUsersPermissionNormalization" name="test_existing_new_modules_are_preserved_without_override" time="1.185" /></testsuite></testsuites>