<?xml version="1.0" encoding="utf-8"?><testsuites name="pytest tests"><testsuite name="pytest" errors="0" failures="0" skipped="0" tests="10" time="47.262" timestamp="2026-04-19T19:25:38.265133+00:00" hostname="agent-env-31fd6605-7152-4827-9c2b-a108f8b061de"><testcase classname="backend.tests.test_confirm_payment_method_iter144.TestConfirmPaymentMethod" name="test_api_health" time="0.805" /><testcase classname="backend.tests.test_confirm_payment_method_iter144.TestConfirmPaymentMethod" name="test_create_credit_sale_operation" time="4.265" /><testcase classname="backend.tests.test_confirm_payment_method_iter144.TestConfirmPaymentMethod" name="test_confirm_payment_with_cash_method" time="5.889" /><testcase classname="backend.tests.test_confirm_payment_method_iter144.TestConfirmPaymentMethod" name="test_confirm_payment_with_bank_method" time="5.829" /><testcase classname="backend.tests.test_confirm_payment_method_iter144.TestConfirmPaymentMethod" name="test_confirm_payment_with_transfer_alias" time="5.814" /><testcase classname="backend.tests.test_confirm_payment_method_iter144.TestConfirmPaymentMethod" name="test_confirm_payment_with_card_alias" time="6.081" /><testcase classname="backend.tests.test_confirm_payment_method_iter144.TestConfirmPaymentMethod" name="test_partial_payment_keeps_credit_method" time="5.905" /><testcase classname="backend.tests.test_confirm_payment_method_iter144.TestConfirmPaymentMethod" name="test_full_payment_updates_method" time="5.914" /><testcase classname="backend.tests.test_confirm_payment_method_iter144.TestConfirmPaymentMethod" name="test_purchase_credit_confirm_with_cash" time="5.968" /><testcase classname="backend.tests.test_confirm_payment_method_iter144.TestOperationsListCreditFilter" name="test_list_operations" time="0.704" /></testsuite></testsuites>