<?xml version="1.0" encoding="utf-8"?><testsuites name="pytest tests"><testsuite name="pytest" errors="0" failures="1" skipped="0" tests="14" time="16.191" timestamp="2026-05-12T19:11:56.194102+00:00" hostname="agent-env-f6be55d8-64ec-4411-a52d-1abff0976d89"><testcase classname="tests.test_iteration_200_vehicle_visit_pos.TestVehicleFileNumber" name="test_create_vehicle_with_file_number" time="1.667" /><testcase classname="tests.test_iteration_200_vehicle_visit_pos.TestVehicleFileNumber" name="test_update_vehicle_file_number" time="2.302" /><testcase classname="tests.test_iteration_200_vehicle_visit_pos.TestVehicleFileNumber" name="test_update_customer_file_number" time="1.948" /><testcase classname="tests.test_iteration_200_vehicle_visit_pos.TestSmartPOSJournal" name="test_salary_template_uses_correct_account" time="1.842" /><testcase classname="tests.test_iteration_200_vehicle_visit_pos.TestSmartPOSJournal" name="test_pos_entry_with_customer_vehicle_tokens" time="0.945"><failure message="AssertionError: PARTY token not found in description&#10;assert '[PARTY:عميل اختبار f2ddbbe8]' in ''">tests/test_iteration_200_vehicle_visit_pos.py:244: in test_pos_entry_with_customer_vehicle_tokens
    assert f"[PARTY:{customer_name}]" in desc, f"PARTY token not found in description"
E   AssertionError: PARTY token not found in description
E   assert '[PARTY:عميل اختبار f2ddbbe8]' in ''</failure></testcase><testcase classname="tests.test_iteration_200_vehicle_visit_pos.TestOperationsDefaultAccount" name="test_get_accounts_for_operations" time="0.805" /><testcase classname="tests.test_iteration_200_vehicle_visit_pos.TestVisitPaymentJournalEntry" name="test_visit_receipt_voucher_source" time="0.423" /><testcase classname="tests.test_iteration_200_vehicle_visit_pos.TestPaymentMethodAccounts" name="test_cash_payment_uses_003" time="0.473" /><testcase classname="tests.test_iteration_200_vehicle_visit_pos.TestPaymentMethodAccounts" name="test_bank_payment_uses_004" time="0.518" /><testcase classname="tests.test_iteration_200_vehicle_visit_pos.TestPaymentMethodAccounts" name="test_pos_payment_uses_006" time="0.453" /><testcase classname="tests.test_iteration_200_vehicle_visit_pos.TestHealthAndBasicEndpoints" name="test_health_endpoint" time="0.148" /><testcase classname="tests.test_iteration_200_vehicle_visit_pos.TestHealthAndBasicEndpoints" name="test_vehicles_list" time="0.768" /><testcase classname="tests.test_iteration_200_vehicle_visit_pos.TestHealthAndBasicEndpoints" name="test_customers_list" time="1.882" /><testcase classname="tests.test_iteration_200_vehicle_visit_pos.TestHealthAndBasicEndpoints" name="test_suppliers_list" time="1.900" /></testsuite></testsuites>