<?xml version="1.0" encoding="utf-8"?><testsuites name="pytest tests"><testsuite name="pytest" errors="0" failures="0" skipped="0" tests="9" time="9.750" timestamp="2026-04-07T10:57:45.075527+00:00" hostname="agent-env-93c76eef-5df8-4938-8dc5-029e2490d64b"><testcase classname="backend.tests.test_party_editor_iter83.TestJournalEntriesPartyFields" name="test_journal_entries_returns_party_fields" time="1.536" /><testcase classname="backend.tests.test_party_editor_iter83.TestJournalEntriesPartyFields" name="test_party_type_values_are_valid" time="1.134" /><testcase classname="backend.tests.test_party_editor_iter83.TestJournalEntriesPartyFields" name="test_party_label_not_empty_for_operations" time="1.100" /><testcase classname="backend.tests.test_party_editor_iter83.TestPartyTokenParsing" name="test_party_token_regex_pattern" time="0.000" /><testcase classname="backend.tests.test_party_editor_iter83.TestJournalEntryUpdate" name="test_update_endpoint_exists" time="1.551" /><testcase classname="backend.tests.test_party_editor_iter83.TestJournalEntryUpdate" name="test_update_with_party_tokens" time="1.099" /><testcase classname="backend.tests.test_party_editor_iter83.TestJournalEntriesTableRegression" name="test_journal_entries_api_returns_data" time="1.094" /><testcase classname="backend.tests.test_party_editor_iter83.TestJournalEntriesTableRegression" name="test_entry_has_required_fields" time="1.071" /><testcase classname="backend.tests.test_party_editor_iter83.TestJournalEntriesTableRegression" name="test_entry_lines_structure" time="1.091" /></testsuite></testsuites>