<?xml version="1.0" encoding="utf-8"?><testsuites name="pytest tests"><testsuite name="pytest" errors="0" failures="0" skipped="1" tests="9" time="12.442" timestamp="2026-04-11T11:20:17.367983+00:00" hostname="agent-env-93c76eef-5df8-4938-8dc5-029e2490d64b"><testcase classname="backend.tests.test_vehicle_workshop_dues_iter106.TestReclassifyVehicleWorkshopDues" name="test_reclassify_endpoint_dry_run" time="2.569" /><testcase classname="backend.tests.test_vehicle_workshop_dues_iter106.TestReclassifyVehicleWorkshopDues" name="test_reclassify_endpoint_after_fix_zero_candidates" time="2.035" /><testcase classname="backend.tests.test_vehicle_workshop_dues_iter106.TestOperationTotalCorrection" name="test_operation_0030fd8d_total_corrected" time="0.939" /><testcase classname="backend.tests.test_vehicle_workshop_dues_iter106.TestVisitSyncWorkshopTotal" name="test_visit_financial_summary_separates_totals" time="1.086" /><testcase classname="backend.tests.test_vehicle_workshop_dues_iter106.TestJournalEntryWorkshopTotal" name="test_sale_operation_journal_uses_workshop_total" time="0.680" /><testcase classname="backend.tests.test_vehicle_workshop_dues_iter106.TestNoRegressionOtherJournalPaths" name="test_purchase_operation_journal_entry" time="0.677" /><testcase classname="backend.tests.test_vehicle_workshop_dues_iter106.TestNoRegressionOtherJournalPaths" name="test_expense_operation_journal_entry" time="0.687"><skipped type="pytest.skip" message="No expense operations found">/app/backend/tests/test_vehicle_workshop_dues_iter106.py:276: No expense operations found</skipped></testcase><testcase classname="backend.tests.test_vehicle_workshop_dues_iter106.TestNoRegressionOtherJournalPaths" name="test_payment_order_operation_journal_entry" time="0.673" /><testcase classname="backend.tests.test_vehicle_workshop_dues_iter106.TestReconciliationAfterFix" name="test_reconciliation_report_matched" time="3.026" /></testsuite></testsuites>