<?xml version="1.0" encoding="utf-8"?><testsuites name="pytest tests"><testsuite name="pytest" errors="0" failures="0" skipped="0" tests="7" time="14.608" timestamp="2026-05-13T18:46:21.152257+00:00" hostname="agent-env-cb96c7a7-1cdb-4eab-ad84-1e568ea38f19"><testcase classname="backend.tests.test_iteration_208_specific_operation_display.TestSpecificOperationDisplay" name="test_target_operation_payment_and_notes_are_corrected" time="1.874" /><testcase classname="backend.tests.test_iteration_208_specific_operation_display.TestSpecificOperationDisplay" name="test_vehicle_file_financial_summary_and_journals_are_linked" time="5.789" /><testcase classname="backend.tests.test_iteration_209_vehicle_5287_linkage.TestVehicle5287Linkage" name="test_financial_summary_is_fully_paid" time="1.282" /><testcase classname="backend.tests.test_iteration_209_vehicle_5287_linkage.TestVehicle5287Linkage" name="test_vehicle_visits_show_paid_full" time="0.969" /><testcase classname="backend.tests.test_iteration_209_vehicle_5287_linkage.TestVehicle5287Linkage" name="test_operations_vehicle_filter_has_target_values" time="1.575" /><testcase classname="backend.tests.test_iteration_209_vehicle_5287_linkage.TestVehicle5287Linkage" name="test_journal_entries_are_linked_and_use_new_codes" time="1.385" /><testcase classname="backend.tests.test_iteration_209_vehicle_5287_linkage.TestVehicle5287Linkage" name="test_no_collect_customer_duplicate_payment_orders_for_vehicle" time="1.645" /></testsuite></testsuites>