<?xml version="1.0" encoding="utf-8"?><testsuites name="pytest tests"><testsuite name="pytest" errors="0" failures="0" skipped="0" tests="8" time="17.672" timestamp="2026-04-07T13:16:55.965412+00:00" hostname="agent-env-93c76eef-5df8-4938-8dc5-029e2490d64b"><testcase classname="backend.tests.test_iteration_85.TestBackendOperationsVehicleLinking" name="test_create_operation_with_vehicle_id_returns_vehicle_id" time="6.319" /><testcase classname="backend.tests.test_iteration_85.TestBackendOperationsVehicleLinking" name="test_create_operation_without_vehicle_id_defaults_to_workshop_scope" time="3.998" /><testcase classname="backend.tests.test_iteration_85.TestFinanceReportsRegression" name="test_income_statement_returns_revenue_and_expenses" time="1.127" /><testcase classname="backend.tests.test_iteration_85.TestFinanceReportsRegression" name="test_balance_sheet_returns_assets_liabilities" time="1.035" /><testcase classname="backend.tests.test_iteration_85.TestFinanceReportsRegression" name="test_trial_balance_returns_accounts" time="1.061" /><testcase classname="backend.tests.test_iteration_85.TestFinanceReportsRegression" name="test_reconciliation_returns_summary" time="2.813" /><testcase classname="backend.tests.test_iteration_85.TestOperationsListRegression" name="test_operations_list_returns_operations" time="0.763" /><testcase classname="backend.tests.test_iteration_85.TestVehiclesListRegression" name="test_vehicles_list_returns_vehicles" time="0.475" /></testsuite></testsuites>