<?xml version="1.0" encoding="utf-8"?><testsuites name="pytest tests"><testsuite name="pytest" errors="0" failures="0" skipped="0" tests="14" time="25.286" timestamp="2026-04-23T23:39:29.079052+00:00" hostname="agent-env-31fd6605-7152-4827-9c2b-a108f8b061de"><testcase classname="backend.tests.test_coa_reindex_iter158.TestChartOfAccountsTree" name="test_accounts_tree_returns_success" time="12.463" /><testcase classname="backend.tests.test_coa_reindex_iter158.TestChartOfAccountsTree" name="test_accounts_tree_has_sequential_codes" time="0.744" /><testcase classname="backend.tests.test_coa_reindex_iter158.TestChartOfAccountsTree" name="test_accounts_tree_has_legacy_code" time="0.752" /><testcase classname="backend.tests.test_coa_reindex_iter158.TestChartOfAccountsTree" name="test_accounts_tree_has_summary" time="0.679" /><testcase classname="backend.tests.test_coa_reindex_iter158.TestReindexDisplayCodes" name="test_reindex_returns_success" time="0.933" /><testcase classname="backend.tests.test_coa_reindex_iter158.TestReindexDisplayCodes" name="test_reindex_returns_count" time="0.966" /><testcase classname="backend.tests.test_coa_reindex_iter158.TestReindexDisplayCodes" name="test_reindex_starts_from_001" time="0.952" /><testcase classname="backend.tests.test_coa_reindex_iter158.TestReindexDisplayCodes" name="test_reindex_preserves_legacy_code" time="0.959" /><testcase classname="backend.tests.test_coa_reindex_iter158.TestReconciliationReport" name="test_reconciliation_returns_success" time="0.653" /><testcase classname="backend.tests.test_coa_reindex_iter158.TestReconciliationReport" name="test_reconciliation_has_summary" time="0.656" /><testcase classname="backend.tests.test_coa_reindex_iter158.TestReconciliationReport" name="test_reconciliation_has_rows_with_code" time="0.675" /><testcase classname="backend.tests.test_coa_reindex_iter158.TestFinanceEndpoints" name="test_income_statement_works" time="2.774" /><testcase classname="backend.tests.test_coa_reindex_iter158.TestFinanceEndpoints" name="test_balance_sheet_works" time="1.028" /><testcase classname="backend.tests.test_coa_reindex_iter158.TestFinanceEndpoints" name="test_trial_balance_works" time="0.984" /></testsuite></testsuites>