<?xml version="1.0" encoding="utf-8"?><testsuites name="pytest tests"><testsuite name="pytest" errors="0" failures="0" skipped="0" tests="9" time="23.551" timestamp="2026-03-02T21:57:01.351853+00:00" hostname="agent-env-a8dc31e0-c549-429e-9001-da0d0696c7db"><testcase classname="backend.tests.test_account_edit.TestAccountUpdate" name="test_update_account_code" time="5.007" /><testcase classname="backend.tests.test_account_edit.TestAccountUpdate" name="test_update_account_name" time="2.403" /><testcase classname="backend.tests.test_account_edit.TestAccountUpdate" name="test_update_account_type" time="2.298" /><testcase classname="backend.tests.test_account_edit.TestAccountUpdate" name="test_update_account_balance" time="2.438" /><testcase classname="backend.tests.test_account_edit.TestAccountUpdate" name="test_update_account_parent_id" time="3.006" /><testcase classname="backend.tests.test_account_edit.TestAccountUpdate" name="test_update_multiple_fields" time="2.322" /><testcase classname="backend.tests.test_account_edit.TestAccountUpdate" name="test_update_preserves_other_fields" time="2.415" /><testcase classname="backend.tests.test_account_edit.TestAccountUpdate" name="test_update_nonexistent_account" time="0.500" /><testcase classname="backend.tests.test_account_edit.TestAccountEditIntegration" name="test_create_update_verify_flow" time="3.026" /></testsuite></testsuites>