<?xml version="1.0" encoding="utf-8"?><testsuites name="pytest tests"><testsuite name="pytest" errors="0" failures="0" skipped="0" tests="18" time="7.783" timestamp="2026-04-24T14:58:18.813657+00:00" hostname="agent-env-31fd6605-7152-4827-9c2b-a108f8b061de"><testcase classname="backend.tests.test_finance_bot_patch_mode_iter164.TestFinanceBotHealth" name="test_health_endpoint_returns_ok" time="0.303" /><testcase classname="backend.tests.test_finance_bot_patch_mode_iter164.TestChatActionPatch" name="test_chat_with_open_investigation_action" time="0.131" /><testcase classname="backend.tests.test_finance_bot_patch_mode_iter164.TestChatActionPatch" name="test_chat_with_apply_suggested_fix_action" time="0.157" /><testcase classname="backend.tests.test_finance_bot_patch_mode_iter164.TestChatActionPatch" name="test_chat_with_view_evidence_action" time="0.131" /><testcase classname="backend.tests.test_finance_bot_patch_mode_iter164.TestChatActionPatch" name="test_chat_with_escalate_action" time="0.115" /><testcase classname="backend.tests.test_finance_bot_patch_mode_iter164.TestChatActionPatch" name="test_invalid_action_returns_error" time="0.113" /><testcase classname="backend.tests.test_finance_bot_patch_mode_iter164.TestHardGuardSingleQuestion" name="test_response_contains_single_question_mark" time="0.104" /><testcase classname="backend.tests.test_finance_bot_patch_mode_iter164.TestHardGuardSingleQuestion" name="test_open_investigation_returns_single_question" time="0.112" /><testcase classname="backend.tests.test_finance_bot_patch_mode_iter164.TestOutputStructure" name="test_response_includes_finding_id" time="0.102" /><testcase classname="backend.tests.test_finance_bot_patch_mode_iter164.TestOutputStructure" name="test_response_includes_state" time="0.118" /><testcase classname="backend.tests.test_finance_bot_patch_mode_iter164.TestOutputStructure" name="test_response_includes_interactive_actions" time="0.115" /><testcase classname="backend.tests.test_finance_bot_patch_mode_iter164.TestStateValidation" name="test_all_states_are_valid" time="0.605" /><testcase classname="backend.tests.test_finance_bot_patch_mode_iter164.TestOpenInvestigationReusesData" name="test_open_investigation_preserves_finding_data" time="4.500" /><testcase classname="backend.tests.test_finance_bot_patch_mode_iter164.TestApplySuggestedFixSingleSuggestion" name="test_apply_fix_uses_single_suggestion" time="0.115" /><testcase classname="backend.tests.test_finance_bot_patch_mode_iter164.TestEvidenceUploadLinking" name="test_evidence_upload_endpoint_exists" time="0.149" /><testcase classname="backend.tests.test_finance_bot_patch_mode_iter164.TestEvidenceUploadLinking" name="test_chat_with_evidence_id" time="0.230" /><testcase classname="backend.tests.test_finance_bot_patch_mode_iter164.TestSessionPersistence" name="test_session_persists_across_calls" time="0.470" /><testcase classname="backend.tests.test_finance_bot_patch_mode_iter164.TestNoMessageWithAction" name="test_action_without_message" time="0.110" /></testsuite></testsuites>