<?xml version="1.0" encoding="utf-8"?><testsuites name="pytest tests"><testsuite name="pytest" errors="0" failures="0" skipped="0" tests="8" time="13.317" timestamp="2026-04-19T16:30:30.562937+00:00" hostname="agent-env-31fd6605-7152-4827-9c2b-a108f8b061de"><testcase classname="backend.tests.test_finance_reclassify_iter143.TestReclassifyPaymentAccounts" name="test_reclassify_dry_run" time="2.563" /><testcase classname="backend.tests.test_finance_reclassify_iter143.TestReclassifyPaymentAccounts" name="test_reclassify_with_apply_changes_true" time="2.303" /><testcase classname="backend.tests.test_finance_reclassify_iter143.TestAccountTreeDetails" name="test_account_tree_details_4000_has_summary" time="1.071" /><testcase classname="backend.tests.test_finance_reclassify_iter143.TestAccountTreeDetails" name="test_account_tree_details_has_pagination" time="1.140" /><testcase classname="backend.tests.test_finance_reclassify_iter143.TestNormalizePaymentMethod" name="test_income_statement_endpoint_works" time="1.041" /><testcase classname="backend.tests.test_finance_reclassify_iter143.TestNormalizePaymentMethod" name="test_reconciliation_endpoint_works" time="2.910" /><testcase classname="backend.tests.test_finance_reclassify_iter143.TestFinancialPageLoads" name="test_balance_sheet_endpoint" time="1.156" /><testcase classname="backend.tests.test_finance_reclassify_iter143.TestFinancialPageLoads" name="test_trial_balance_endpoint" time="1.035" /></testsuite></testsuites>