<?xml version="1.0" encoding="utf-8"?><testsuites name="pytest tests"><testsuite name="pytest" errors="0" failures="0" skipped="0" tests="13" time="3.824" timestamp="2026-04-16T12:52:37.612448+00:00" hostname="agent-env-31fd6605-7152-4827-9c2b-a108f8b061de"><testcase classname="backend.tests.test_moltbot_editor_p2.TestMoltBotEditorDraft" name="test_get_editor_draft_default" time="0.813" /><testcase classname="backend.tests.test_moltbot_editor_p2.TestMoltBotEditorDraft" name="test_save_editor_draft" time="0.117" /><testcase classname="backend.tests.test_moltbot_editor_p2.TestMoltBotEditorDraft" name="test_save_draft_then_get_verifies_persistence" time="0.236" /><testcase classname="backend.tests.test_moltbot_editor_p2.TestMoltBotEditorPublish" name="test_publish_editor_draft" time="0.259" /><testcase classname="backend.tests.test_moltbot_editor_p2.TestMoltBotEditorHistory" name="test_get_editor_history" time="0.434" /><testcase classname="backend.tests.test_moltbot_editor_p2.TestMoltBotEditorHistory" name="test_save_creates_history_entry" time="0.373" /><testcase classname="backend.tests.test_moltbot_editor_p2.TestMoltBotEditorComments" name="test_get_editor_comments" time="0.413" /><testcase classname="backend.tests.test_moltbot_editor_p2.TestMoltBotEditorComments" name="test_add_editor_comment" time="0.117" /><testcase classname="backend.tests.test_moltbot_editor_p2.TestMoltBotEditorComments" name="test_update_comment_resolved" time="0.345" /><testcase classname="backend.tests.test_moltbot_editor_p2.TestMoltBotEditorComments" name="test_delete_editor_comment" time="0.263" /><testcase classname="backend.tests.test_moltbot_editor_p2.TestMoltBotCustomization" name="test_get_customization" time="0.101" /><testcase classname="backend.tests.test_moltbot_editor_p2.TestMoltBotCustomization" name="test_put_customization" time="0.144" /><testcase classname="backend.tests.test_moltbot_editor_p2.TestMoltBotHealth" name="test_health_endpoint" time="0.102" /></testsuite></testsuites>