<?xml version="1.0" encoding="utf-8"?><testsuites name="pytest tests"><testsuite name="pytest" errors="0" failures="0" skipped="0" tests="6" time="16.165" timestamp="2026-04-04T15:30:11.655927+00:00" hostname="agent-env-93c76eef-5df8-4938-8dc5-029e2490d64b"><testcase classname="backend.tests.test_safwan_advance_payment.TestSafwanAdvancePayment" name="test_safwan_customer_exists" time="3.163" /><testcase classname="backend.tests.test_safwan_advance_payment.TestSafwanAdvancePayment" name="test_safwan_has_advance_payment" time="2.576" /><testcase classname="backend.tests.test_safwan_advance_payment.TestSafwanAdvancePayment" name="test_safwan_movements_have_flow_fields" time="2.623" /><testcase classname="backend.tests.test_safwan_advance_payment.TestSafwanAdvancePayment" name="test_safwan_financial_summary" time="2.575" /><testcase classname="backend.tests.test_safwan_advance_payment.TestAdvancePaymentSource" name="test_visit_payment_movements_exist" time="2.570" /><testcase classname="backend.tests.test_safwan_advance_payment.TestAdvancePaymentSource" name="test_advance_payment_label_correct" time="2.591" /></testsuite></testsuites>