<?xml version="1.0" encoding="utf-8"?><testsuites name="pytest tests"><testsuite name="pytest" errors="0" failures="0" skipped="0" tests="15" time="8.261" timestamp="2026-04-12T07:54:54.122900+00:00" hostname="agent-env-8ec32cb3-98dc-4a99-8efd-b95bc30a9f1e"><testcase classname="backend.tests.test_liquid_builder_iter118.TestLiquidBuilderBlockOrder" name="test_health_check" time="0.226" /><testcase classname="backend.tests.test_liquid_builder_iter118.TestLiquidBuilderBlockOrder" name="test_get_customization_returns_block_order" time="0.105" /><testcase classname="backend.tests.test_liquid_builder_iter118.TestLiquidBuilderBlockOrder" name="test_put_customization_saves_block_order" time="0.225" /><testcase classname="backend.tests.test_liquid_builder_iter118.TestLiquidBuilderBlockOrder" name="test_block_order_persists_with_other_fields" time="0.157" /><testcase classname="backend.tests.test_liquid_builder_iter118.TestLiquidBuilderSourceTestid" name="test_save_card_with_source_testid" time="0.109" /><testcase classname="backend.tests.test_liquid_builder_iter118.TestLiquidBuilderSourceTestid" name="test_get_card_with_source_testid" time="0.236" /><testcase classname="backend.tests.test_liquid_builder_iter118.TestLiquidBuilderBotCommands" name="test_rrr_activates_dev_mode_for_manager" time="0.112" /><testcase classname="backend.tests.test_liquid_builder_iter118.TestLiquidBuilderBotCommands" name="test_rrr_denied_for_non_manager" time="0.126" /><testcase classname="backend.tests.test_liquid_builder_iter118.TestLiquidBuilderBotCommands" name="test_add_card_command_in_dev_mode" time="2.001" /><testcase classname="backend.tests.test_liquid_builder_iter118.TestLiquidBuilderBotCommands" name="test_add_field_command_in_dev_mode" time="3.684" /><testcase classname="backend.tests.test_liquid_builder_iter118.TestLiquidBuilderBotCommands" name="test_exit_command_deactivates_dev_mode" time="0.219" /><testcase classname="backend.tests.test_liquid_builder_iter118.TestLiquidBuilderRegression" name="test_page_selector_different_paths" time="0.431" /><testcase classname="backend.tests.test_liquid_builder_iter118.TestLiquidBuilderRegression" name="test_filters_and_grouping_not_affected" time="0.133" /><testcase classname="backend.tests.test_liquid_builder_iter118.TestLiquidBuilderRegression" name="test_pagination_not_affected" time="0.292" /><testcase classname="backend.tests.test_liquid_builder_iter118.TestCleanup" name="test_cleanup_test_data" time="0.115" /></testsuite></testsuites>