<?xml version="1.0" encoding="utf-8"?><testsuites name="pytest tests"><testsuite name="pytest" errors="0" failures="1" skipped="0" tests="7" time="5.527" timestamp="2026-04-11T10:14:35.632641+00:00" hostname="agent-env-93c76eef-5df8-4938-8dc5-029e2490d64b"><testcase classname="backend.tests.test_vehicle_features_iter104.TestVehicleFinancialSummaryAPI" name="test_financial_summary_returns_supplier_archive_total" time="0.981" /><testcase classname="backend.tests.test_vehicle_features_iter104.TestVehicleFinancialSummaryAPI" name="test_financial_summary_numeric_values" time="0.854" /><testcase classname="backend.tests.test_vehicle_features_iter104.TestVehicleFinancialSummaryAPI" name="test_financial_summary_nonexistent_vehicle" time="0.416"><failure message="AssertionError: Unexpected status: 500&#10;assert 500 in [200, 404]&#10; +  where 500 = &lt;Response [500]&gt;.status_code">backend/tests/test_vehicle_features_iter104.py:76: in test_financial_summary_nonexistent_vehicle
    assert response.status_code in [200, 404], f"Unexpected status: {response.status_code}"
E   AssertionError: Unexpected status: 500
E   assert 500 in [200, 404]
E    +  where 500 = &lt;Response [500]&gt;.status_code</failure></testcase><testcase classname="backend.tests.test_vehicle_features_iter104.TestVehicleVisitsAPI" name="test_visits_contain_supplier_items" time="0.854" /><testcase classname="backend.tests.test_vehicle_features_iter104.TestVehicleDetailsEndpoints" name="test_vehicle_details_endpoint" time="0.874" /><testcase classname="backend.tests.test_vehicle_features_iter104.TestVehicleDetailsEndpoints" name="test_technicians_endpoint" time="0.419" /><testcase classname="backend.tests.test_vehicle_features_iter104.TestVehicleDetailsEndpoints" name="test_suppliers_endpoint" time="1.053" /></testsuite></testsuites>