<?xml version="1.0" encoding="utf-8"?><testsuites name="pytest tests"><testsuite name="pytest" errors="0" failures="1" skipped="0" tests="15" time="12.702" timestamp="2026-04-03T18:41:14.021456+00:00" hostname="agent-env-93c76eef-5df8-4938-8dc5-029e2490d64b"><testcase classname="backend.tests.test_operations_performance.TestOperationsAPIPerformance" name="test_operations_endpoint_responds" time="1.621" /><testcase classname="backend.tests.test_operations_performance.TestOperationsAPIPerformance" name="test_operations_returns_data" time="0.737" /><testcase classname="backend.tests.test_operations_performance.TestOperationsAPIPerformance" name="test_operations_response_time_under_3s" time="1.652" /><testcase classname="backend.tests.test_operations_performance.TestOperationsAPIPerformance" name="test_operations_limit_parameter" time="3.358" /><testcase classname="backend.tests.test_operations_performance.TestOperationsAPIPerformance" name="test_operations_data_structure" time="0.787" /><testcase classname="backend.tests.test_operations_performance.TestOperationsAPIPerformance" name="test_operations_scope_field_present" time="0.717" /><testcase classname="backend.tests.test_operations_performance.TestSecondaryEndpointsPerformance" name="test_parts_endpoint_responds" time="0.425" /><testcase classname="backend.tests.test_operations_performance.TestSecondaryEndpointsPerformance" name="test_services_endpoint_responds" time="0.703" /><testcase classname="backend.tests.test_operations_performance.TestSecondaryEndpointsPerformance" name="test_customers_endpoint_responds" time="0.414" /><testcase classname="backend.tests.test_operations_performance.TestSecondaryEndpointsPerformance" name="test_suppliers_endpoint_responds" time="0.112" /><testcase classname="backend.tests.test_operations_performance.TestSecondaryEndpointsPerformance" name="test_vehicles_endpoint_responds" time="0.420" /><testcase classname="backend.tests.test_operations_performance.TestSecondaryEndpointsPerformance" name="test_biz_accounts_endpoint_responds" time="0.414" /><testcase classname="backend.tests.test_operations_performance.TestSecondaryEndpointsPerformance" name="test_chart_of_accounts_endpoint_responds" time="0.110"><failure message="assert 422 == 200&#10; +  where 422 = &lt;Response [422]&gt;.status_code">backend/tests/test_operations_performance.py:116: in test_chart_of_accounts_endpoint_responds
    assert response.status_code == 200
E   assert 422 == 200
E    +  where 422 = &lt;Response [422]&gt;.status_code</failure></testcase><testcase classname="backend.tests.test_operations_performance.TestPrefetchEndpoints" name="test_prefetch_operations_performance" time="0.709" /><testcase classname="backend.tests.test_operations_performance.TestPrefetchEndpoints" name="test_prefetch_vehicles_performance" time="0.433" /></testsuite></testsuites>