<?xml version="1.0" encoding="utf-8"?><testsuites name="pytest tests"><testsuite name="pytest" errors="0" failures="0" skipped="0" tests="10" time="4.125" timestamp="2026-04-12T10:35:36.418463+00:00" hostname="agent-env-8ec32cb3-98dc-4a99-8efd-b95bc30a9f1e"><testcase classname="backend.tests.test_liquid_builder_iter121.TestAlkabeerBotHealth" name="test_health_endpoint" time="0.127" /><testcase classname="backend.tests.test_liquid_builder_iter121.TestCustomizationAPI" name="test_get_customization_default" time="0.132" /><testcase classname="backend.tests.test_liquid_builder_iter121.TestCustomizationAPI" name="test_save_customization_with_custom_card" time="0.104" /><testcase classname="backend.tests.test_liquid_builder_iter121.TestCustomizationAPI" name="test_get_saved_customization" time="0.100" /><testcase classname="backend.tests.test_liquid_builder_iter121.TestCustomizationAPI" name="test_update_customization_move_card" time="0.338" /><testcase classname="backend.tests.test_liquid_builder_iter121.TestBotChat" name="test_chat_rrr_developer_mode" time="0.113" /><testcase classname="backend.tests.test_liquid_builder_iter121.TestBotChat" name="test_chat_exit_developer_mode" time="0.238" /><testcase classname="backend.tests.test_liquid_builder_iter121.TestBotChat" name="test_chat_add_card_command" time="2.094" /><testcase classname="backend.tests.test_liquid_builder_iter121.TestBotChat" name="test_chat_reset_page_command" time="0.267" /><testcase classname="backend.tests.test_liquid_builder_iter121.TestCleanup" name="test_cleanup_test_data" time="0.524" /></testsuite></testsuites>