<?xml version="1.0" encoding="utf-8"?><testsuites name="pytest tests"><testsuite name="pytest" errors="0" failures="0" skipped="0" tests="11" time="21.016" timestamp="2026-04-06T18:06:28.031873+00:00" hostname="agent-env-93c76eef-5df8-4938-8dc5-029e2490d64b"><testcase classname="backend.tests.test_account_tree_iter77.TestAccountTreeDetailsAPI" name="test_account_tree_details_returns_success" time="1.255" /><testcase classname="backend.tests.test_account_tree_iter77.TestAccountTreeDetailsAPI" name="test_account_tree_details_returns_account_info" time="1.036" /><testcase classname="backend.tests.test_account_tree_iter77.TestAccountTreeDetailsAPI" name="test_account_tree_details_returns_children" time="1.067" /><testcase classname="backend.tests.test_account_tree_iter77.TestAccountTreeDetailsAPI" name="test_account_tree_details_returns_operations_with_pagination" time="1.055" /><testcase classname="backend.tests.test_account_tree_iter77.TestAccountTreeDetailsAPI" name="test_account_tree_details_pagination_page_size" time="1.103" /><testcase classname="backend.tests.test_account_tree_iter77.TestAccountTreeDetailsAPI" name="test_account_tree_details_child_account" time="1.047" /><testcase classname="backend.tests.test_account_tree_iter77.TestReconciliationAPI" name="test_reconciliation_returns_success" time="2.847" /><testcase classname="backend.tests.test_account_tree_iter77.TestReconciliationAPI" name="test_reconciliation_rows_have_type_label_ar" time="2.836" /><testcase classname="backend.tests.test_account_tree_iter77.TestReconciliationAPI" name="test_reconciliation_rows_have_account_labels" time="2.987" /><testcase classname="backend.tests.test_account_tree_iter77.TestReconciliationAPI" name="test_reconciliation_type_label_ar_values" time="2.890" /><testcase classname="backend.tests.test_account_tree_iter77.TestReconciliationAPI" name="test_reconciliation_includes_all_tracked_types" time="2.811" /></testsuite></testsuites>