<?xml version="1.0" encoding="utf-8"?><testsuites name="pytest tests"><testsuite name="pytest" errors="0" failures="0" skipped="0" tests="7" time="11.015" timestamp="2026-05-13T09:42:18.720031+00:00" hostname="agent-env-f6be55d8-64ec-4411-a52d-1abff0976d89"><testcase classname="backend.tests.test_iteration_203_live_vehicle_enrichment.TestOperationsLiveVehicleEnrichment" name="test_operations_list_returns_vehicle_enrichment_fields" time="1.461" /><testcase classname="backend.tests.test_iteration_203_live_vehicle_enrichment.TestOperationsLiveVehicleEnrichment" name="test_operations_get_by_id_returns_vehicle_enrichment" time="2.075" /><testcase classname="backend.tests.test_iteration_203_live_vehicle_enrichment.TestOperationsLiveVehicleEnrichment" name="test_operation_enrichment_matches_vehicle_data" time="1.519" /><testcase classname="backend.tests.test_iteration_203_live_vehicle_enrichment.TestVehicleDetailsLinkedJournalEntries" name="test_vehicle_details_endpoint_works" time="1.535" /><testcase classname="backend.tests.test_iteration_203_live_vehicle_enrichment.TestVehicleDetailsLinkedJournalEntries" name="test_journal_entries_endpoint_works" time="0.773" /><testcase classname="backend.tests.test_iteration_203_live_vehicle_enrichment.TestOperationsPageDoesNotBreak" name="test_operations_list_structure" time="1.176" /><testcase classname="backend.tests.test_iteration_203_live_vehicle_enrichment.TestOperationsPageDoesNotBreak" name="test_operations_with_vehicle_filter" time="2.397" /></testsuite></testsuites>