<?xml version="1.0" encoding="utf-8"?><testsuites name="pytest tests"><testsuite name="pytest" errors="0" failures="1" skipped="0" tests="14" time="30.467" timestamp="2026-04-11T14:16:55.720864+00:00" hostname="agent-env-93c76eef-5df8-4938-8dc5-029e2490d64b"><testcase classname="backend.tests.test_financial_audit_iter109.TestFinancialAudit" name="test_balance_sheet_account_codes" time="1.780" /><testcase classname="backend.tests.test_financial_audit_iter109.TestFinancialAudit" name="test_income_statement_revenue_accounts" time="1.030" /><testcase classname="backend.tests.test_financial_audit_iter109.TestFinancialAudit" name="test_trial_balance_accounts" time="0.997" /><testcase classname="backend.tests.test_financial_audit_iter109.TestFinancialAudit" name="test_reconciliation_report" time="2.631" /><testcase classname="backend.tests.test_financial_audit_iter109.TestFinancialAudit" name="test_operation_trace_report" time="2.690" /><testcase classname="backend.tests.test_financial_audit_iter109.TestWorkshopVsSupplierSeparation" name="test_operations_workshop_total_separation" time="0.834" /><testcase classname="backend.tests.test_financial_audit_iter109.TestWorkshopVsSupplierSeparation" name="test_revenue_excludes_supplier_amounts" time="1.657" /><testcase classname="backend.tests.test_financial_audit_iter109.TestPaymentMethodMapping" name="test_cash_payment_maps_to_1101" time="2.620" /><testcase classname="backend.tests.test_financial_audit_iter109.TestPaymentMethodMapping" name="test_card_transfer_payment_maps_to_1102" time="2.694" /><testcase classname="backend.tests.test_financial_audit_iter109.TestCreditSalesRule" name="test_credit_sales_remain_as_receivables" time="1.249" /><testcase classname="backend.tests.test_financial_audit_iter109.TestCreditSalesRule" name="test_ar_balance_matches_credit_sales" time="1.933" /><testcase classname="backend.tests.test_financial_audit_iter109.TestCreateSaleOperation" name="test_create_cash_sale_operation" time="4.030" /><testcase classname="backend.tests.test_financial_audit_iter109.TestCreateSaleOperation" name="test_create_credit_sale_operation" time="3.893" /><testcase classname="backend.tests.test_financial_audit_iter109.TestARReconciliation" name="test_ar_consistency_across_reports" time="2.324"><failure message="AssertionError: AR values should be consistent, diff: 45.0&#10;assert 45.0 &lt; 1.0">backend/tests/test_financial_audit_iter109.py:548: in test_ar_consistency_across_reports
    assert diff &lt; 1.0, f"AR values should be consistent, diff: {diff}"
E   AssertionError: AR values should be consistent, diff: 45.0
E   assert 45.0 &lt; 1.0</failure></testcase></testsuite></testsuites>