<?xml version="1.0" encoding="utf-8"?><testsuites name="pytest tests"><testsuite name="pytest" errors="0" failures="1" skipped="0" tests="11" time="6.989" timestamp="2026-04-03T18:15:26.980614+00:00" hostname="agent-env-93c76eef-5df8-4938-8dc5-029e2490d64b"><testcase classname="backend.tests.test_performance_p0.TestOperationsPerformance" name="test_operations_returns_data_not_empty" time="0.810" /><testcase classname="backend.tests.test_performance_p0.TestOperationsPerformance" name="test_operations_response_time_under_3_seconds" time="0.720" /><testcase classname="backend.tests.test_performance_p0.TestOperationsPerformance" name="test_operations_with_limit_parameter" time="0.706" /><testcase classname="backend.tests.test_performance_p0.TestOperationsPerformance" name="test_operations_sorted_by_date_desc" time="0.735"><failure message="AssertionError: Operations not sorted: 2026-04-02T00:00:00+00:00 should be &gt;= 2026-04-02T10:13:02.064036+00:00&#10;assert '2026-04-02T00:00:00+00:00' &gt;= '2026-04-02T10:13:02.064036+00:00'">backend/tests/test_performance_p0.py:71: in test_operations_sorted_by_date_desc
    assert dates[i] &gt;= dates[i+1], f"Operations not sorted: {dates[i]} should be &gt;= {dates[i+1]}"
E   AssertionError: Operations not sorted: 2026-04-02T00:00:00+00:00 should be &gt;= 2026-04-02T10:13:02.064036+00:00
E   assert '2026-04-02T00:00:00+00:00' &gt;= '2026-04-02T10:13:02.064036+00:00'</failure></testcase><testcase classname="backend.tests.test_performance_p0.TestDashboardSummariesEndpoint" name="test_dashboard_summaries_endpoint_exists" time="0.125" /><testcase classname="backend.tests.test_performance_p0.TestDashboardSummariesEndpoint" name="test_dashboard_summaries_returns_service_type" time="0.827" /><testcase classname="backend.tests.test_performance_p0.TestDashboardSummariesEndpoint" name="test_dashboard_summaries_batch_performance" time="0.892" /><testcase classname="backend.tests.test_performance_p0.TestDashboardSummariesEndpoint" name="test_dashboard_summaries_empty_ids" time="0.135" /><testcase classname="backend.tests.test_performance_p0.TestVehiclesEndpoint" name="test_vehicles_list_performance" time="0.461" /><testcase classname="backend.tests.test_performance_p0.TestVehiclesEndpoint" name="test_vehicles_have_required_fields" time="0.459" /><testcase classname="backend.tests.test_performance_p0.TestNoN1Queries" name="test_dashboard_does_not_call_individual_visits" time="1.036" /></testsuite></testsuites>