<?xml version="1.0" encoding="utf-8"?><testsuites name="pytest tests"><testsuite name="pytest" errors="0" failures="0" skipped="0" tests="9" time="34.260" timestamp="2026-04-24T13:42:49.768449+00:00" hostname="agent-env-31fd6605-7152-4827-9c2b-a108f8b061de"><testcase classname="backend.tests.test_repost_bank_fix_iter161.TestRepostBankAndFixImbalance" name="test_repost_bank_endpoint_returns_success" time="4.763" /><testcase classname="backend.tests.test_repost_bank_fix_iter161.TestRepostBankAndFixImbalance" name="test_trial_balance_difference_is_zero" time="4.108" /><testcase classname="backend.tests.test_repost_bank_fix_iter161.TestRepostBankAndFixImbalance" name="test_repair_data_in_response" time="3.630" /><testcase classname="backend.tests.test_repost_bank_fix_iter161.TestFinanceAlerts" name="test_alerts_endpoint_returns_success" time="7.369" /><testcase classname="backend.tests.test_repost_bank_fix_iter161.TestFinanceAlerts" name="test_no_tb_unbalanced_alert_after_fix" time="10.841" /><testcase classname="backend.tests.test_repost_bank_fix_iter161.TestAccountsTree" name="test_accounts_tree_returns_success" time="1.244" /><testcase classname="backend.tests.test_repost_bank_fix_iter161.TestAccountsTree" name="test_no_duplicate_codes_in_tree" time="0.664" /><testcase classname="backend.tests.test_repost_bank_fix_iter161.TestAccountsTree" name="test_legacy_mapping_exists" time="0.636" /><testcase classname="backend.tests.test_repost_bank_fix_iter161.TestTrialBalance" name="test_trial_balance_is_balanced" time="0.923" /></testsuite></testsuites>