<?xml version="1.0" encoding="utf-8"?><testsuites name="pytest tests"><testsuite name="pytest" errors="0" failures="0" skipped="0" tests="8" time="6.673" timestamp="2026-04-11T09:46:21.750811+00:00" hostname="agent-env-93c76eef-5df8-4938-8dc5-029e2490d64b"><testcase classname="tests.test_vehicle_financial_summary_iter103.TestVehicleFinancialSummary" name="test_financial_summary_endpoint_exists" time="1.163" /><testcase classname="tests.test_vehicle_financial_summary_iter103.TestVehicleFinancialSummary" name="test_financial_summary_response_structure" time="0.876" /><testcase classname="tests.test_vehicle_financial_summary_iter103.TestVehicleFinancialSummary" name="test_financial_summary_values_are_numeric" time="0.851" /><testcase classname="tests.test_vehicle_financial_summary_iter103.TestVehicleFinancialSummary" name="test_supplier_archive_total_equals_total_suppliers" time="0.821" /><testcase classname="tests.test_vehicle_financial_summary_iter103.TestVehicleFinancialSummary" name="test_total_amount_calculation" time="0.834" /><testcase classname="tests.test_vehicle_financial_summary_iter103.TestVehicleFinancialSummary" name="test_balance_calculation" time="0.831" /><testcase classname="tests.test_vehicle_financial_summary_iter103.TestVehicleFinancialSummary" name="test_financial_summary_for_nonexistent_vehicle" time="0.425" /><testcase classname="tests.test_vehicle_financial_summary_iter103.TestVehicleFinancialSummaryIntegration" name="test_financial_summary_with_specific_vehicle" time="0.799" /></testsuite></testsuites>