<?xml version="1.0" encoding="utf-8"?><testsuites name="pytest tests"><testsuite name="pytest" errors="0" failures="0" skipped="0" tests="10" time="24.504" timestamp="2026-04-07T13:24:55.223196+00:00" hostname="agent-env-93c76eef-5df8-4938-8dc5-029e2490d64b"><testcase classname="backend.tests.test_iteration_86.TestOperationVehicleIdLinking" name="test_create_operation_with_vehicle_id_returns_vehicle_scope" time="5.364" /><testcase classname="backend.tests.test_iteration_86.TestOperationVehicleIdLinking" name="test_create_operation_without_vehicle_id_returns_workshop_scope" time="3.849" /><testcase classname="backend.tests.test_iteration_86.TestDateParsingRobustness" name="test_balance_sheet_with_iso_date" time="1.131" /><testcase classname="backend.tests.test_iteration_86.TestDateParsingRobustness" name="test_balance_sheet_with_slash_date" time="1.023" /><testcase classname="backend.tests.test_iteration_86.TestDateParsingRobustness" name="test_income_statement_date_parsing" time="1.060" /><testcase classname="backend.tests.test_iteration_86.TestDateParsingRobustness" name="test_trial_balance_date_parsing" time="1.039" /><testcase classname="backend.tests.test_iteration_86.TestPurchaseExpenseAccountFallback" name="test_purchase_operation_maps_to_expense_account" time="3.900" /><testcase classname="backend.tests.test_iteration_86.TestPurchaseExpenseAccountFallback" name="test_expense_operation_maps_to_expense_account" time="3.814" /><testcase classname="backend.tests.test_iteration_86.TestReconciliationAPI" name="test_reconciliation_api_returns_data" time="2.822" /><testcase classname="backend.tests.test_iteration_86.TestChartOfAccountsResetButton" name="test_accounts_init_defaults_endpoint_exists" time="0.416" /></testsuite></testsuites>