<?xml version="1.0" encoding="utf-8"?><testsuites name="pytest tests"><testsuite name="pytest" errors="0" failures="0" skipped="0" tests="4" time="3.780" timestamp="2026-05-14T19:59:35.852487+00:00" hostname="agent-env-cb96c7a7-1cdb-4eab-ad84-1e568ea38f19"><testcase classname="backend.tests.test_iteration_212_users_dashboard_permissions.TestUsersApiRegressionIter212" name="test_get_users_returns_no_password_and_includes_username" time="0.756" /><testcase classname="backend.tests.test_iteration_212_users_dashboard_permissions.TestUsersApiRegressionIter212" name="test_faraj1_has_dashboard_view_and_normalized_permission_modules" time="0.443" /><testcase classname="backend.tests.test_iteration_212_users_dashboard_permissions.TestUsersApiRegressionIter212" name="test_update_non_permission_fields_preserves_permissions" time="1.427" /><testcase classname="backend.tests.test_iteration_212_users_dashboard_permissions.TestUsersApiRegressionIter212" name="test_username_fallback_is_normalized_when_not_provided" time="1.090" /></testsuite></testsuites>