<?xml version="1.0" encoding="utf-8"?><testsuites name="pytest tests"><testsuite name="pytest" errors="0" failures="0" skipped="0" tests="13" time="11.302" timestamp="2026-04-11T22:04:17.754738+00:00" hostname="agent-env-8ec32cb3-98dc-4a99-8efd-b95bc30a9f1e"><testcase classname="backend.tests.test_workshop_bot_iter115.TestWorkshopBotCatalog" name="test_catalog_summary" time="0.370" /><testcase classname="backend.tests.test_workshop_bot_iter115.TestWorkshopBotCatalog" name="test_skills_search" time="0.114" /><testcase classname="backend.tests.test_workshop_bot_iter115.TestWorkshopBotCatalog" name="test_skills_limit" time="0.116" /><testcase classname="backend.tests.test_workshop_bot_iter115.TestWorkshopBotModels" name="test_get_models" time="0.108" /><testcase classname="backend.tests.test_workshop_bot_iter115.TestWorkshopBotModels" name="test_get_engines" time="0.139" /><testcase classname="backend.tests.test_workshop_bot_iter115.TestWorkshopBotRespond" name="test_respond_kb_mode" time="0.105" /><testcase classname="backend.tests.test_workshop_bot_iter115.TestWorkshopBotRespond" name="test_respond_gpt51_mode" time="9.172" /><testcase classname="backend.tests.test_workshop_bot_iter115.TestWorkshopBotRespond" name="test_respond_with_session_id" time="0.122" /><testcase classname="backend.tests.test_workshop_bot_iter115.TestWorkshopBotRespond" name="test_respond_tech_mode" time="0.111" /><testcase classname="backend.tests.test_workshop_bot_iter115.TestWorkshopBotConversations" name="test_get_conversations" time="0.121" /><testcase classname="backend.tests.test_workshop_bot_iter115.TestWorkshopBotConversations" name="test_get_conversation_messages" time="0.226" /><testcase classname="backend.tests.test_workshop_bot_iter115.TestWorkshopBotConversations" name="test_delete_conversation" time="0.374" /><testcase classname="backend.tests.test_workshop_bot_iter115.TestWorkshopBotHealth" name="test_health_check" time="0.133" /></testsuite></testsuites>