<?xml version="1.0" encoding="utf-8"?><testsuites name="pytest tests"><testsuite name="pytest" errors="0" failures="0" skipped="0" tests="10" time="22.672" timestamp="2026-04-24T14:34:47.139921+00:00" hostname="agent-env-31fd6605-7152-4827-9c2b-a108f8b061de"><testcase classname="backend.tests.test_legacy_codes_removal_iter163.TestLegacyCodesRemoval" name="test_chart_of_accounts_api_no_legacy_codes" time="1.499" /><testcase classname="backend.tests.test_legacy_codes_removal_iter163.TestLegacyCodesRemoval" name="test_chart_of_accounts_uses_sequential_codes" time="1.232" /><testcase classname="backend.tests.test_legacy_codes_removal_iter163.TestLegacyCodesRemoval" name="test_journal_entries_api_returns_success" time="0.832" /><testcase classname="backend.tests.test_legacy_codes_removal_iter163.TestLegacyCodesRemoval" name="test_journal_entries_lines_have_account_codes" time="0.854" /><testcase classname="backend.tests.test_legacy_codes_removal_iter163.TestLegacyCodesRemoval" name="test_accounts_tree_api_no_legacy_codes" time="1.334" /><testcase classname="backend.tests.test_legacy_codes_removal_iter163.TestLegacyCodesRemoval" name="test_trial_balance_api_returns_success" time="1.219" /><testcase classname="backend.tests.test_legacy_codes_removal_iter163.TestLegacyCodesRemoval" name="test_balance_sheet_api_returns_success" time="1.112" /><testcase classname="backend.tests.test_legacy_codes_removal_iter163.TestLegacyCodesRemoval" name="test_income_statement_api_returns_success" time="3.029" /><testcase classname="backend.tests.test_legacy_codes_removal_iter163.TestLegacyCodesRemoval" name="test_reconciliation_api_returns_success" time="3.036" /><testcase classname="backend.tests.test_legacy_codes_removal_iter163.TestLegacyCodesRemoval" name="test_no_functional_breakage_after_changes" time="8.452" /></testsuite></testsuites>