<?xml version="1.0" encoding="utf-8"?><testsuites name="pytest tests"><testsuite name="pytest" errors="0" failures="0" skipped="0" tests="13" time="28.909" timestamp="2026-04-04T15:29:09.006552+00:00" hostname="agent-env-93c76eef-5df8-4938-8dc5-029e2490d64b"><testcase classname="backend.tests.test_partner_movements.TestCustomersMovements" name="test_customers_endpoint_returns_200" time="3.619" /><testcase classname="backend.tests.test_partner_movements.TestCustomersMovements" name="test_customers_returns_list" time="3.018" /><testcase classname="backend.tests.test_partner_movements.TestCustomersMovements" name="test_customer_has_movements_field" time="3.012" /><testcase classname="backend.tests.test_partner_movements.TestCustomersMovements" name="test_customer_movements_have_required_fields" time="3.021" /><testcase classname="backend.tests.test_partner_movements.TestCustomersMovements" name="test_customer_movements_have_vehicleId" time="3.048" /><testcase classname="backend.tests.test_partner_movements.TestCustomersMovements" name="test_customer_financial_fields" time="3.004" /><testcase classname="backend.tests.test_partner_movements.TestSuppliersMovements" name="test_suppliers_endpoint_returns_200" time="1.401" /><testcase classname="backend.tests.test_partner_movements.TestSuppliersMovements" name="test_suppliers_returns_list" time="1.419" /><testcase classname="backend.tests.test_partner_movements.TestSuppliersMovements" name="test_supplier_has_movements_field" time="1.384" /><testcase classname="backend.tests.test_partner_movements.TestSuppliersMovements" name="test_supplier_financial_fields" time="1.370" /><testcase classname="backend.tests.test_partner_movements.TestSuppliersMovements" name="test_supplier_movements_structure_if_present" time="1.429" /><testcase classname="backend.tests.test_partner_movements.TestVehicleCustomerFallback" name="test_customer_with_vehicle_movement" time="3.021" /><testcase classname="backend.tests.test_partner_movements.TestHealthCheck" name="test_health_endpoint" time="0.099" /></testsuite></testsuites>