<?xml version="1.0" encoding="utf-8"?><testsuites name="pytest tests"><testsuite name="pytest" errors="0" failures="0" skipped="0" tests="11" time="44.733" timestamp="2026-04-24T15:33:00.826330+00:00" hostname="agent-env-31fd6605-7152-4827-9c2b-a108f8b061de"><testcase classname="backend.tests.test_financial_mismatch_iter165.TestFinancialMismatchAudit" name="test_income_statement_endpoint_works" time="3.193" /><testcase classname="backend.tests.test_financial_mismatch_iter165.TestFinancialMismatchAudit" name="test_accounts_tree_endpoint_works" time="3.475" /><testcase classname="backend.tests.test_financial_mismatch_iter165.TestFinancialMismatchAudit" name="test_financial_source_is_income_statement" time="3.377" /><testcase classname="backend.tests.test_financial_mismatch_iter165.TestFinancialMismatchAudit" name="test_revenue_matches_between_endpoints" time="6.503" /><testcase classname="backend.tests.test_financial_mismatch_iter165.TestFinancialMismatchAudit" name="test_expenses_matches_between_endpoints" time="6.266" /><testcase classname="backend.tests.test_financial_mismatch_iter165.TestFinancialMismatchAudit" name="test_net_profit_matches_between_endpoints" time="6.140" /><testcase classname="backend.tests.test_financial_mismatch_iter165.TestFinancialMismatchAudit" name="test_all_deltas_are_zero" time="6.260" /><testcase classname="backend.tests.test_financial_mismatch_iter165.TestFinancialDashboardConsistency" name="test_balance_sheet_endpoint" time="1.235" /><testcase classname="backend.tests.test_financial_mismatch_iter165.TestFinancialDashboardConsistency" name="test_trial_balance_endpoint" time="0.995" /><testcase classname="backend.tests.test_financial_mismatch_iter165.TestFinancialDashboardConsistency" name="test_cash_flow_endpoint" time="1.028" /><testcase classname="backend.tests.test_financial_mismatch_iter165.TestChartOfAccountsPageIntegration" name="test_income_snapshot_source_unified" time="6.164" /></testsuite></testsuites>