<?xml version="1.0" encoding="utf-8"?><testsuites name="pytest tests"><testsuite name="pytest" errors="0" failures="0" skipped="0" tests="13" time="2.354" timestamp="2026-04-12T11:47:24.423799+00:00" hostname="agent-env-8ec32cb3-98dc-4a99-8efd-b95bc30a9f1e"><testcase classname="backend.tests.test_liquid_builder_iter122.TestCustomizationPositions" name="test_save_customization_with_positions" time="0.874" /><testcase classname="backend.tests.test_liquid_builder_iter122.TestCustomizationPositions" name="test_get_customization_with_positions" time="0.117" /><testcase classname="backend.tests.test_liquid_builder_iter122.TestCustomizationPositions" name="test_update_positions_only" time="0.110" /><testcase classname="backend.tests.test_liquid_builder_iter122.TestCustomizationContents" name="test_save_contents" time="0.105" /><testcase classname="backend.tests.test_liquid_builder_iter122.TestCustomizationContents" name="test_get_contents" time="0.098" /><testcase classname="backend.tests.test_liquid_builder_iter122.TestCustomizationBlockOrder" name="test_save_block_order" time="0.099" /><testcase classname="backend.tests.test_liquid_builder_iter122.TestCustomizationBlockOrder" name="test_get_block_order" time="0.138" /><testcase classname="backend.tests.test_liquid_builder_iter122.TestCustomizationCustomCards" name="test_save_custom_cards" time="0.103" /><testcase classname="backend.tests.test_liquid_builder_iter122.TestCustomizationCustomCards" name="test_get_custom_cards" time="0.113" /><testcase classname="backend.tests.test_liquid_builder_iter122.TestBotChatDeveloperMode" name="test_rrr_entry" time="0.106" /><testcase classname="backend.tests.test_liquid_builder_iter122.TestBotChatDeveloperMode" name="test_exit_developer_mode" time="0.207" /><testcase classname="backend.tests.test_liquid_builder_iter122.TestHealthEndpoint" name="test_health" time="0.105" /><testcase classname="backend.tests.test_liquid_builder_iter122.TestCleanup" name="test_cleanup_test_data" time="0.101" /></testsuite></testsuites>