<?xml version="1.0" encoding="utf-8"?><testsuites name="pytest tests"><testsuite name="pytest" errors="0" failures="0" skipped="0" tests="8" time="3.795" timestamp="2026-01-24T19:25:56.391844+00:00" hostname="agent-env-c7cdb256-693f-49ca-979f-d576e2c94da7"><testcase classname="backend.tests.test_finance_whatsapp.TestFinanceAPIs" name="test_journal_entries_api" time="0.749" /><testcase classname="backend.tests.test_finance_whatsapp.TestFinanceAPIs" name="test_chart_of_accounts_api" time="0.624" /><testcase classname="backend.tests.test_finance_whatsapp.TestFinanceAPIs" name="test_balance_sheet_api" time="0.602" /><testcase classname="backend.tests.test_finance_whatsapp.TestFinanceAPIs" name="test_trial_balance_api" time="0.336" /><testcase classname="backend.tests.test_finance_whatsapp.TestWhatsAppBotAPIs" name="test_whatsapp_bot_stats" time="0.076" /><testcase classname="backend.tests.test_finance_whatsapp.TestWhatsAppBotAPIs" name="test_whatsapp_bot_workshop_info" time="0.053" /><testcase classname="backend.tests.test_finance_whatsapp.TestHealthAndBasicAPIs" name="test_health_endpoint" time="0.110" /><testcase classname="backend.tests.test_finance_whatsapp.TestHealthAndBasicAPIs" name="test_stats_endpoint" time="0.953" /></testsuite></testsuites>