<?xml version="1.0" encoding="utf-8"?><testsuites name="pytest tests"><testsuite name="pytest" errors="0" failures="0" skipped="0" tests="13" time="12.286" timestamp="2026-04-04T18:58:14.160080+00:00" hostname="agent-env-93c76eef-5df8-4938-8dc5-029e2490d64b"><testcase classname="backend.tests.test_operations_performance.TestOperationsPerformance" name="test_health_check" time="0.144" /><testcase classname="backend.tests.test_operations_performance.TestOperationsPerformance" name="test_operations_list_with_limit_200" time="1.509" /><testcase classname="backend.tests.test_operations_performance.TestOperationsPerformance" name="test_operations_list_response_structure" time="0.689" /><testcase classname="backend.tests.test_operations_performance.TestOperationsPerformance" name="test_operations_list_sorting" time="0.707" /><testcase classname="backend.tests.test_operations_performance.TestOperationsPerformance" name="test_operations_limit_parameter" time="1.447" /><testcase classname="backend.tests.test_operations_performance.TestOperationsPerformance" name="test_multiple_requests_performance" time="2.195" /><testcase classname="backend.tests.test_operations_performance.TestOperationsPageDependencies" name="test_chart_of_accounts" time="0.438" /><testcase classname="backend.tests.test_operations_performance.TestOperationsPageDependencies" name="test_biz_accounts" time="0.408" /><testcase classname="backend.tests.test_operations_performance.TestOperationsPageDependencies" name="test_customers" time="1.883" /><testcase classname="backend.tests.test_operations_performance.TestOperationsPageDependencies" name="test_suppliers" time="1.287" /><testcase classname="backend.tests.test_operations_performance.TestOperationsPageDependencies" name="test_vehicles" time="0.443" /><testcase classname="backend.tests.test_operations_performance.TestOperationsPageDependencies" name="test_parts" time="0.399" /><testcase classname="backend.tests.test_operations_performance.TestOperationsPageDependencies" name="test_services" time="0.664" /></testsuite></testsuites>