<?xml version="1.0" encoding="utf-8"?><testsuites name="pytest tests"><testsuite name="pytest" errors="0" failures="0" skipped="0" tests="10" time="2.072" timestamp="2026-05-10T20:14:23.345437+00:00" hostname="agent-env-41e60bc5-ebe9-43ac-b948-7a2b2bbca094"><testcase classname="backend.tests.test_nlp_page_assistant.TestNLPPageAssistantContext" name="test_context_no_conflict_returns_null_suggestion" time="0.238" /><testcase classname="backend.tests.test_nlp_page_assistant.TestNLPPageAssistantContext" name="test_context_card_payment_wrong_account_returns_suggestion" time="0.171" /><testcase classname="backend.tests.test_nlp_page_assistant.TestNLPPageAssistantContext" name="test_context_journal_debit_credit_same_line_returns_suggestion" time="0.117" /><testcase classname="backend.tests.test_nlp_page_assistant.TestNLPPageAssistantContext" name="test_context_sale_without_customer_or_vehicle_returns_suggestion" time="0.154" /><testcase classname="backend.tests.test_nlp_page_assistant.TestNLPPageAssistantContext" name="test_context_invalid_fields_returns_400" time="0.146" /><testcase classname="backend.tests.test_nlp_page_assistant.TestNLPPageAssistantApplyCorrection" name="test_apply_correction_accepted" time="0.284" /><testcase classname="backend.tests.test_nlp_page_assistant.TestNLPPageAssistantApplyCorrection" name="test_apply_correction_ignored" time="0.224" /><testcase classname="backend.tests.test_nlp_page_assistant.TestNLPPageAssistantApplyCorrection" name="test_apply_correction_missing_suggestion_id_returns_400" time="0.138" /><testcase classname="backend.tests.test_nlp_page_assistant.TestNLPPageAssistantApplyCorrection" name="test_apply_correction_invalid_suggestion_id_returns_404" time="0.164" /><testcase classname="backend.tests.test_nlp_page_assistant.TestNLPPageAssistantLearning" name="test_rejected_pattern_not_suggested_again" time="0.340" /></testsuite></testsuites>