<?xml version="1.0" encoding="utf-8"?><testsuites name="pytest tests"><testsuite name="pytest" errors="0" failures="0" skipped="0" tests="13" time="24.249" timestamp="2026-04-23T20:48:41.582760+00:00" hostname="agent-env-31fd6605-7152-4827-9c2b-a108f8b061de"><testcase classname="backend.tests.test_coa_tree_reindex_iter157.TestAccountsTree" name="test_accounts_tree_returns_success" time="1.255" /><testcase classname="backend.tests.test_coa_tree_reindex_iter157.TestAccountsTree" name="test_accounts_tree_has_display_code" time="0.730" /><testcase classname="backend.tests.test_coa_tree_reindex_iter157.TestAccountsTree" name="test_accounts_tree_summary_fields" time="0.724" /><testcase classname="backend.tests.test_coa_tree_reindex_iter157.TestAccountsTree" name="test_accounts_tree_type_filter" time="2.931" /><testcase classname="backend.tests.test_coa_tree_reindex_iter157.TestReindexDisplayCodes" name="test_reindex_display_codes_returns_success" time="1.046" /><testcase classname="backend.tests.test_coa_tree_reindex_iter157.TestReindexDisplayCodes" name="test_reindex_sample_accounts" time="0.972" /><testcase classname="backend.tests.test_coa_tree_reindex_iter157.TestReconciliationReport" name="test_reconciliation_report_returns_success" time="0.692" /><testcase classname="backend.tests.test_coa_tree_reindex_iter157.TestReconciliationReport" name="test_reconciliation_report_row_structure" time="0.699" /><testcase classname="backend.tests.test_coa_tree_reindex_iter157.TestApplyBankRevenuePolicy" name="test_apply_bank_policy_dry_run" time="2.632" /><testcase classname="backend.tests.test_coa_tree_reindex_iter157.TestApplyBankRevenuePolicy" name="test_apply_bank_policy_creates_pos_account" time="2.574" /><testcase classname="backend.tests.test_coa_tree_reindex_iter157.TestIncomeStatementSalesSummary" name="test_income_statement_has_sales_summary" time="2.749" /><testcase classname="backend.tests.test_coa_tree_reindex_iter157.TestIncomeStatementSalesSummary" name="test_income_statement_cash_after_bank_policy" time="5.273" /><testcase classname="backend.tests.test_coa_tree_reindex_iter157.TestAccountsTreeAfterReindex" name="test_tree_shows_display_codes_after_reindex" time="1.865" /></testsuite></testsuites>