<?xml version="1.0" encoding="utf-8"?><testsuites name="pytest tests"><testsuite name="pytest" errors="0" failures="0" skipped="0" tests="10" time="3.002" timestamp="2026-04-13T20:25:26.888824+00:00" hostname="agent-env-8ec32cb3-98dc-4a99-8efd-b95bc30a9f1e"><testcase classname="backend.tests.test_moltbot_manifest_iter127.TestMoltBotManifestAPI" name="test_health_check" time="0.241" /><testcase classname="backend.tests.test_moltbot_manifest_iter127.TestMoltBotManifestAPI" name="test_get_customization_returns_page_manifest" time="0.192" /><testcase classname="backend.tests.test_moltbot_manifest_iter127.TestMoltBotManifestAPI" name="test_save_customization_with_page_manifest" time="0.178" /><testcase classname="backend.tests.test_moltbot_manifest_iter127.TestMoltBotManifestAPI" name="test_get_saved_manifest_persists" time="0.168" /><testcase classname="backend.tests.test_moltbot_manifest_iter127.TestMoltBotManifestAPI" name="test_update_manifest_version_to_published" time="0.173" /><testcase classname="backend.tests.test_moltbot_manifest_iter127.TestMoltBotManifestAPI" name="test_customization_with_all_fields" time="0.188" /><testcase classname="backend.tests.test_moltbot_manifest_iter127.TestMoltBotManifestAPI" name="test_cleanup_test_data" time="0.447" /><testcase classname="backend.tests.test_moltbot_manifest_iter127.TestMoltBotChatDevMode" name="test_chat_health" time="0.173" /><testcase classname="backend.tests.test_moltbot_manifest_iter127.TestMoltBotChatDevMode" name="test_chat_normal_mode" time="1.012" /><testcase classname="backend.tests.test_moltbot_manifest_iter127.TestMoltBotChatDevMode" name="test_dev_mode_entry_requires_manager" time="0.148" /></testsuite></testsuites>