<?xml version="1.0" encoding="utf-8"?><testsuites name="pytest tests"><testsuite name="pytest" errors="0" failures="0" skipped="0" tests="10" time="15.033" timestamp="2026-03-10T08:40:16.193847+00:00" hostname="agent-env-d760ed5b-267b-49c0-a03f-cb5edefefab0"><testcase classname="tests.test_rakan_5000_routing.TestAccountChartReset" name="test_reset_accounts_chart_returns_success" time="0.680" /><testcase classname="tests.test_rakan_5000_routing.TestAccountChartReset" name="test_reset_accounts_chart_no_crash" time="0.249" /><testcase classname="tests.test_rakan_5000_routing.TestChartOfAccountsAPI" name="test_chart_of_accounts_returns_success" time="1.059" /><testcase classname="tests.test_rakan_5000_routing.TestChartOfAccountsAPI" name="test_chart_of_accounts_include_rakan" time="0.686" /><testcase classname="tests.test_rakan_5000_routing.TestChartOfAccountsAPI" name="test_chart_of_accounts_has_required_types" time="0.697" /><testcase classname="tests.test_rakan_5000_routing.TestRakan5000OperationRouting" name="test_operation_with_5000_account_routes_to_rakan" time="2.293" /><testcase classname="tests.test_rakan_5000_routing.TestRakan5000OperationRouting" name="test_operation_non_5000_account_does_not_route_to_rakan" time="3.962" /><testcase classname="tests.test_rakan_5000_routing.TestJournalEntriesFiltering" name="test_5000_operation_creates_rakan_source_journal" time="2.816" /><testcase classname="tests.test_rakan_5000_routing.TestJournalEntriesFiltering" name="test_default_journal_entries_excludes_rakan" time="2.413" /><testcase classname="tests.test_rakan_5000_routing.TestAccountsChartGet" name="test_get_accounts_chart_returns_list" time="0.103" /></testsuite></testsuites>