<?xml version="1.0" encoding="utf-8"?><testsuites name="pytest tests"><testsuite name="pytest" errors="0" failures="0" skipped="0" tests="8" time="11.106" timestamp="2026-04-04T22:40:24.717865+00:00" hostname="agent-env-93c76eef-5df8-4938-8dc5-029e2490d64b"><testcase classname="tests.test_reset_totals.TestResetTotalsEndpoint" name="test_reset_totals_endpoint_exists" time="0.607" /><testcase classname="tests.test_reset_totals.TestResetTotalsEndpoint" name="test_control_panel_includes_reset_timestamp" time="1.669" /><testcase classname="tests.test_reset_totals.TestResetTotalsEndpoint" name="test_rakan_analytics_includes_reset_timestamp" time="1.977" /><testcase classname="tests.test_reset_totals.TestResetTotalsEndpoint" name="test_control_panel_structure_after_reset" time="2.265" /><testcase classname="tests.test_reset_totals.TestInventoryEndpoints" name="test_inventory_dashboard_endpoint" time="1.369" /><testcase classname="tests.test_reset_totals.TestInventoryEndpoints" name="test_inventory_alerts_endpoint" time="1.038" /><testcase classname="tests.test_reset_totals.TestInventoryEndpoints" name="test_inventory_architecture_endpoint" time="1.690" /><testcase classname="tests.test_reset_totals.TestInventoryEndpoints" name="test_backorders_endpoint" time="0.428" /></testsuite></testsuites>