<?xml version="1.0" encoding="utf-8"?><testsuites name="pytest tests"><testsuite name="pytest" errors="0" failures="0" skipped="0" tests="15" time="25.709" timestamp="2026-04-10T21:48:43.042374+00:00" hostname="agent-env-93c76eef-5df8-4938-8dc5-029e2490d64b"><testcase classname="backend.tests.test_reclassify_payment_iter102.TestReclassifyPaymentAccounts" name="test_reclassify_dry_run" time="2.723" /><testcase classname="backend.tests.test_reclassify_payment_iter102.TestReclassifyPaymentAccounts" name="test_reclassify_with_date_range" time="2.224" /><testcase classname="backend.tests.test_reclassify_payment_iter102.TestReclassifyPaymentAccounts" name="test_reclassify_apply_mode" time="2.233" /><testcase classname="backend.tests.test_reclassify_payment_iter102.TestPaymentMethodMapping" name="test_bank_methods_list" time="0.000" /><testcase classname="backend.tests.test_reclassify_payment_iter102.TestPaymentMethodMapping" name="test_trial_balance_endpoint" time="1.061" /><testcase classname="backend.tests.test_reclassify_payment_iter102.TestPaymentMethodMapping" name="test_balance_sheet_endpoint" time="1.033" /><testcase classname="backend.tests.test_reclassify_payment_iter102.TestPaymentMethodMapping" name="test_income_statement_endpoint" time="1.074" /><testcase classname="backend.tests.test_reclassify_payment_iter102.TestPaymentMethodMapping" name="test_reconciliation_endpoint" time="3.283" /><testcase classname="backend.tests.test_reclassify_payment_iter102.TestJournalEntryMapping" name="test_operations_list" time="0.851" /><testcase classname="backend.tests.test_reclassify_payment_iter102.TestJournalEntryMapping" name="test_journal_entries_have_correct_accounts" time="1.017" /><testcase classname="backend.tests.test_reclassify_payment_iter102.TestConfirmPaymentMapping" name="test_confirm_payment_endpoint_exists" time="0.110" /><testcase classname="backend.tests.test_reclassify_payment_iter102.TestBackfillJournalsMapping" name="test_backfill_dry_run" time="2.846" /><testcase classname="backend.tests.test_reclassify_payment_iter102.TestNoRegressions" name="test_cash_flow_endpoint" time="1.048" /><testcase classname="backend.tests.test_reclassify_payment_iter102.TestNoRegressions" name="test_account_tree_details" time="1.333" /><testcase classname="backend.tests.test_reclassify_payment_iter102.TestNoRegressions" name="test_finance_alerts" time="4.779" /></testsuite></testsuites>