<?xml version="1.0" encoding="utf-8"?><testsuites name="pytest tests"><testsuite name="pytest" errors="0" failures="0" skipped="0" tests="12" time="12.815" timestamp="2026-04-04T18:26:28.784543+00:00" hostname="agent-env-93c76eef-5df8-4938-8dc5-029e2490d64b"><testcase classname="backend.tests.test_data_cleanup_verification.TestDataCleanupVerification" name="test_no_test_customers" time="2.605" /><testcase classname="backend.tests.test_data_cleanup_verification.TestDataCleanupVerification" name="test_no_test_services" time="0.730" /><testcase classname="backend.tests.test_data_cleanup_verification.TestDataCleanupVerification" name="test_no_test_parts" time="0.431" /><testcase classname="backend.tests.test_data_cleanup_verification.TestDataCleanupVerification" name="test_no_test_accounts" time="1.069" /><testcase classname="backend.tests.test_data_cleanup_verification.TestOperationsPageAPIs" name="test_health_check" time="0.129" /><testcase classname="backend.tests.test_data_cleanup_verification.TestOperationsPageAPIs" name="test_operations_list" time="0.800" /><testcase classname="backend.tests.test_data_cleanup_verification.TestOperationsPageAPIs" name="test_chart_of_accounts" time="1.040" /><testcase classname="backend.tests.test_data_cleanup_verification.TestOperationsPageAPIs" name="test_biz_accounts" time="0.464" /><testcase classname="backend.tests.test_data_cleanup_verification.TestOperationsPageAPIs" name="test_customers_list" time="2.031" /><testcase classname="backend.tests.test_data_cleanup_verification.TestOperationsPageAPIs" name="test_suppliers_list" time="1.403" /><testcase classname="backend.tests.test_data_cleanup_verification.TestAccountFiltering" name="test_accounts_do_not_contain_customer_subaccounts" time="0.991" /><testcase classname="backend.tests.test_data_cleanup_verification.TestAccountFiltering" name="test_accounts_do_not_contain_supplier_subaccounts" time="1.047" /></testsuite></testsuites>