<?xml version="1.0" encoding="utf-8"?><testsuites name="pytest tests"><testsuite name="pytest" errors="0" failures="0" skipped="0" tests="15" time="6.202" timestamp="2026-04-16T17:55:56.165090+00:00" hostname="agent-env-31fd6605-7152-4827-9c2b-a108f8b061de"><testcase classname="backend.tests.test_moltbot_editor_iter133.TestMoltBotEditorHealth" name="test_alkabeer_bot_health" time="2.299" /><testcase classname="backend.tests.test_moltbot_editor_iter133.TestMoltBotEditorDraft" name="test_get_editor_draft" time="0.652" /><testcase classname="backend.tests.test_moltbot_editor_iter133.TestMoltBotEditorDraft" name="test_save_editor_draft" time="0.128" /><testcase classname="backend.tests.test_moltbot_editor_iter133.TestMoltBotEditorDraft" name="test_draft_persistence" time="0.247" /><testcase classname="backend.tests.test_moltbot_editor_iter133.TestMoltBotEditorHistory" name="test_get_editor_history" time="0.431" /><testcase classname="backend.tests.test_moltbot_editor_iter133.TestMoltBotEditorComments" name="test_get_editor_comments" time="0.391" /><testcase classname="backend.tests.test_moltbot_editor_iter133.TestMoltBotEditorComments" name="test_add_editor_comment" time="0.126" /><testcase classname="backend.tests.test_moltbot_editor_iter133.TestMoltBotEditorComments" name="test_update_editor_comment" time="0.252" /><testcase classname="backend.tests.test_moltbot_editor_iter133.TestMoltBotEditorComments" name="test_delete_editor_comment" time="0.288" /><testcase classname="backend.tests.test_moltbot_editor_iter133.TestMoltBotEditorPublish" name="test_publish_editor_draft" time="0.177" /><testcase classname="backend.tests.test_moltbot_editor_iter133.TestMoltBotEditorPublish" name="test_publish_reflects_in_customization" time="0.315" /><testcase classname="backend.tests.test_moltbot_editor_iter133.TestMoltBotCustomization" name="test_get_customization" time="0.135" /><testcase classname="backend.tests.test_moltbot_editor_iter133.TestMoltBotCustomization" name="test_save_customization" time="0.146" /><testcase classname="backend.tests.test_moltbot_editor_iter133.TestMoltBotEndToEndPublishReflection" name="test_operations_page_publish_reflection" time="0.226" /><testcase classname="backend.tests.test_moltbot_editor_iter133.TestMoltBotEndToEndPublishReflection" name="test_dashboard_page_publish_reflection" time="0.255" /></testsuite></testsuites>