<?xml version="1.0" encoding="utf-8"?><testsuites name="pytest tests"><testsuite name="pytest" errors="0" failures="0" skipped="0" tests="7" time="38.011" timestamp="2026-04-22T22:31:09.020739+00:00" hostname="agent-env-31fd6605-7152-4827-9c2b-a108f8b061de"><testcase classname="backend.tests.test_finance_api.TestIncomeStatementAPI" name="test_income_statement_returns_200" time="21.494" /><testcase classname="backend.tests.test_finance_api.TestIncomeStatementAPI" name="test_income_statement_has_totals" time="6.446" /><testcase classname="backend.tests.test_finance_api.TestIncomeStatementAPI" name="test_income_statement_has_sales_summary" time="2.728" /><testcase classname="backend.tests.test_finance_api.TestIncomeStatementAPI" name="test_income_statement_no_duplicate_revenue" time="2.605" /><testcase classname="backend.tests.test_finance_api.TestBalanceSheetAPI" name="test_balance_sheet_returns_200" time="1.010" /><testcase classname="backend.tests.test_finance_api.TestBalanceSheetAPI" name="test_balance_sheet_has_totals" time="0.964" /><testcase classname="backend.tests.test_finance_api.TestReconciliationAPI" name="test_reconciliation_returns_200" time="2.678" /></testsuite></testsuites>