<?xml version="1.0" encoding="utf-8"?><testsuites name="pytest tests"><testsuite name="pytest" errors="0" failures="1" skipped="0" tests="7" time="15.121" timestamp="2026-04-08T14:10:27.909523+00:00" hostname="agent-env-93c76eef-5df8-4938-8dc5-029e2490d64b"><testcase classname="backend.tests.test_confirm_payment_iter94.TestConfirmPaymentFixes" name="test_invalid_uuid_returns_400" time="0.675" /><testcase classname="backend.tests.test_confirm_payment_iter94.TestConfirmPaymentFixes" name="test_valid_uuid_not_found_returns_404" time="0.526" /><testcase classname="backend.tests.test_confirm_payment_iter94.TestConfirmPaymentFixes" name="test_partial_payments_continue_working" time="6.186"><failure message="AssertionError: Expected payment_status='partial', got 'None'&#10;assert None == 'partial'">backend/tests/test_confirm_payment_iter94.py:95: in test_partial_payments_continue_working
    assert payment_status == "partial", f"Expected payment_status='partial', got '{payment_status}'"
E   AssertionError: Expected payment_status='partial', got 'None'
E   assert None == 'partial'</failure></testcase><testcase classname="backend.tests.test_confirm_payment_iter94.TestConfirmPaymentFixes" name="test_cash_basis_fallback_affects_net_income" time="5.713" /><testcase classname="backend.tests.test_confirm_payment_iter94.TestConfirmPaymentFixes" name="test_workshopId_required" time="0.126" /><testcase classname="backend.tests.test_confirm_payment_iter94.TestOperationsEndpoints" name="test_operations_list" time="0.711" /><testcase classname="backend.tests.test_confirm_payment_iter94.TestOperationsEndpoints" name="test_operations_get_single" time="1.083" /></testsuite></testsuites>