<?xml version="1.0" encoding="utf-8"?><testsuites name="pytest tests"><testsuite name="pytest" errors="0" failures="0" skipped="0" tests="13" time="15.228" timestamp="2026-04-07T06:44:45.792102+00:00" hostname="agent-env-93c76eef-5df8-4938-8dc5-029e2490d64b"><testcase classname="backend.tests.test_journal_entries_iter81.TestJournalEntriesAPI" name="test_journal_entries_returns_party_label" time="1.170" /><testcase classname="backend.tests.test_journal_entries_iter81.TestJournalEntriesAPI" name="test_journal_entries_returns_party_type" time="1.023" /><testcase classname="backend.tests.test_journal_entries_iter81.TestJournalEntriesAPI" name="test_journal_entries_returns_vehicle_label" time="0.994" /><testcase classname="backend.tests.test_journal_entries_iter81.TestJournalEntriesAPI" name="test_journal_entries_returns_operation_type_label" time="1.021" /><testcase classname="backend.tests.test_journal_entries_iter81.TestJournalEntriesAPI" name="test_journal_entries_all_required_fields" time="1.088" /><testcase classname="backend.tests.test_journal_entries_iter81.TestJournalEntriesAPI" name="test_journal_entries_operation_type_labels_arabic" time="1.013" /><testcase classname="backend.tests.test_journal_entries_iter81.TestJournalEntriesUpdate" name="test_update_entry_with_party_token" time="2.700" /><testcase classname="backend.tests.test_journal_entries_iter81.TestJournalEntriesSearch" name="test_search_by_party_label" time="0.984" /><testcase classname="backend.tests.test_journal_entries_iter81.TestJournalEntriesSearch" name="test_search_by_operation_type_label" time="1.011" /><testcase classname="backend.tests.test_journal_entries_iter81.TestJournalEntriesRegression" name="test_entries_have_totals" time="1.007" /><testcase classname="backend.tests.test_journal_entries_iter81.TestJournalEntriesRegression" name="test_entries_have_lines" time="1.002" /><testcase classname="backend.tests.test_journal_entries_iter81.TestJournalEntriesRegression" name="test_entries_have_date" time="1.073" /><testcase classname="backend.tests.test_journal_entries_iter81.TestJournalEntriesRegression" name="test_response_has_total_count" time="1.058" /></testsuite></testsuites>