<?xml version="1.0" encoding="utf-8"?><testsuites name="pytest tests"><testsuite name="pytest" errors="0" failures="0" skipped="0" tests="10" time="10.045" timestamp="2026-03-01T03:10:45.854665+00:00" hostname="agent-env-a8dc31e0-c549-429e-9001-da0d0696c7db"><testcase classname="backend.tests.test_smart_inventory.TestSmartInventoryDashboard" name="test_get_inventory_dashboard" time="1.794" /><testcase classname="backend.tests.test_smart_inventory.TestSmartInventoryAlerts" name="test_get_inventory_alerts_default" time="1.507" /><testcase classname="backend.tests.test_smart_inventory.TestSmartInventoryAlerts" name="test_get_inventory_alerts_with_limit" time="0.857" /><testcase classname="backend.tests.test_smart_inventory.TestSmartInventoryControlPanel" name="test_get_control_panel_default" time="1.161" /><testcase classname="backend.tests.test_smart_inventory.TestSmartInventoryControlPanel" name="test_get_control_panel_with_days" time="1.176" /><testcase classname="backend.tests.test_smart_inventory.TestSmartInventoryBackorders" name="test_1_create_backorder" time="0.975" /><testcase classname="backend.tests.test_smart_inventory.TestSmartInventoryBackorders" name="test_2_list_backorders" time="0.499" /><testcase classname="backend.tests.test_smart_inventory.TestSmartInventoryBackorders" name="test_3_update_backorder_status" time="0.486" /><testcase classname="backend.tests.test_smart_inventory.TestSmartInventoryBackorders" name="test_4_verify_backorder_status_change" time="1.026" /><testcase classname="backend.tests.test_smart_inventory.TestPartsEndpointRegression" name="test_get_parts_list" time="0.483" /></testsuite></testsuites>