<?xml version="1.0" encoding="utf-8"?><testsuites name="pytest tests"><testsuite name="pytest" errors="0" failures="0" skipped="0" tests="12" time="25.408" timestamp="2026-04-24T14:15:34.236962+00:00" hostname="agent-env-31fd6605-7152-4827-9c2b-a108f8b061de"><testcase classname="backend.tests.test_net_profit_legacy_codes_iter162.TestAccountsTreeSummary" name="test_accounts_tree_returns_success" time="1.300" /><testcase classname="backend.tests.test_net_profit_legacy_codes_iter162.TestAccountsTreeSummary" name="test_accounts_tree_summary_contains_purchase" time="0.713" /><testcase classname="backend.tests.test_net_profit_legacy_codes_iter162.TestAccountsTreeSummary" name="test_accounts_tree_summary_contains_net_profit" time="0.737" /><testcase classname="backend.tests.test_net_profit_legacy_codes_iter162.TestAccountsTreeSummary" name="test_net_profit_formula_correct" time="0.717" /><testcase classname="backend.tests.test_net_profit_legacy_codes_iter162.TestChartOfAccountsLegacyCodes" name="test_chart_of_accounts_returns_success" time="1.135" /><testcase classname="backend.tests.test_net_profit_legacy_codes_iter162.TestChartOfAccountsLegacyCodes" name="test_no_legacy_codes_in_chart_of_accounts" time="1.003" /><testcase classname="backend.tests.test_net_profit_legacy_codes_iter162.TestJournalEntriesLegacyCodes" name="test_journal_entries_returns_success" time="0.746" /><testcase classname="backend.tests.test_net_profit_legacy_codes_iter162.TestJournalEntriesLegacyCodes" name="test_journal_entries_account_codes_format" time="0.696" /><testcase classname="backend.tests.test_net_profit_legacy_codes_iter162.TestAccountingAlerts" name="test_alerts_endpoint_returns_success" time="8.320" /><testcase classname="backend.tests.test_net_profit_legacy_codes_iter162.TestAccountingAlerts" name="test_no_tb_unbalanced_alert" time="7.912" /><testcase classname="backend.tests.test_net_profit_legacy_codes_iter162.TestTrialBalanceBalanced" name="test_trial_balance_returns_success" time="1.011" /><testcase classname="backend.tests.test_net_profit_legacy_codes_iter162.TestTrialBalanceBalanced" name="test_trial_balance_is_balanced" time="1.040" /></testsuite></testsuites>