<?xml version="1.0" encoding="utf-8"?><testsuites name="pytest tests"><testsuite name="pytest" errors="0" failures="0" skipped="0" tests="16" time="49.770" timestamp="2026-03-09T05:03:05.278826+00:00" hostname="agent-env-a8dc31e0-c549-429e-9001-da0d0696c7db"><testcase classname="backend.tests.test_operation_kinds_validation.TestOperationKindsValidation" name="test_workshop_operation_accepts_without_customer_and_vehicle" time="4.036" /><testcase classname="backend.tests.test_operation_kinds_validation.TestOperationKindsValidation" name="test_workshop_operation_accepts_with_partner_name_only" time="3.921" /><testcase classname="backend.tests.test_operation_kinds_validation.TestOperationKindsValidation" name="test_vehicle_operation_rejects_without_vehicle" time="1.783" /><testcase classname="backend.tests.test_operation_kinds_validation.TestOperationKindsValidation" name="test_vehicle_operation_accepts_with_vehicle" time="4.256" /><testcase classname="backend.tests.test_operation_kinds_validation.TestOperationKindsValidation" name="test_vehicle_operation_auto_fills_customer_from_vehicle" time="4.320" /><testcase classname="backend.tests.test_operation_kinds_validation.TestOperationKindsValidation" name="test_rakan_operation_rejects_without_customer_or_vehicle" time="1.751" /><testcase classname="backend.tests.test_operation_kinds_validation.TestOperationKindsValidation" name="test_rakan_operation_accepts_with_customer_only" time="3.911" /><testcase classname="backend.tests.test_operation_kinds_validation.TestOperationKindsValidation" name="test_rakan_operation_accepts_with_vehicle_only" time="4.275" /><testcase classname="backend.tests.test_operation_kinds_validation.TestOperationKindsValidation" name="test_rakan_operation_accepts_with_partner_name_only" time="4.021" /><testcase classname="backend.tests.test_operation_kinds_validation.TestOperationKindsValidation" name="test_fk_error_fix_invalid_account_id_resolved" time="3.950" /><testcase classname="backend.tests.test_operation_kinds_validation.TestOperationKindsValidation" name="test_fk_error_fix_empty_account_id_resolved" time="3.976" /><testcase classname="backend.tests.test_operation_kinds_validation.TestOperationKindsValidation" name="test_rakan_operation_uses_rakan_business_account" time="3.832" /><testcase classname="backend.tests.test_operation_kinds_validation.TestOperationKindsValidation" name="test_workshop_operation_uses_workshop_business_account" time="3.797" /><testcase classname="backend.tests.test_operation_kinds_validation.TestOperationsListAndFiltering" name="test_list_operations_returns_all" time="0.475" /><testcase classname="backend.tests.test_operation_kinds_validation.TestOperationsListAndFiltering" name="test_operations_have_scope_field" time="0.478" /><testcase classname="backend.tests.test_operation_kinds_validation.TestOperationsListAndFiltering" name="test_filter_operations_by_vehicle_id" time="0.883" /></testsuite></testsuites>