<?xml version="1.0" encoding="utf-8"?><testsuites name="pytest tests"><testsuite name="pytest" errors="0" failures="0" skipped="0" tests="14" time="13.540" timestamp="2026-05-13T08:13:45.188208+00:00" hostname="agent-env-f6be55d8-64ec-4411-a52d-1abff0976d89"><testcase classname="backend.tests.test_iteration_202_supplier_vehicle_links.TestSupplierMovements" name="test_suppliers_endpoint_returns_200" time="2.680" /><testcase classname="backend.tests.test_iteration_202_supplier_vehicle_links.TestSupplierMovements" name="test_suppliers_have_movements_field" time="1.491" /><testcase classname="backend.tests.test_iteration_202_supplier_vehicle_links.TestSupplierMovements" name="test_suppliers_have_balance_fields" time="1.451" /><testcase classname="backend.tests.test_iteration_202_supplier_vehicle_links.TestSupplierMovements" name="test_supplier_movements_structure" time="1.722" /><testcase classname="backend.tests.test_iteration_202_supplier_vehicle_links.TestJournalEntriesForVehicle" name="test_journal_entries_endpoint_returns_200" time="0.600" /><testcase classname="backend.tests.test_iteration_202_supplier_vehicle_links.TestJournalEntriesForVehicle" name="test_journal_entries_have_description_field" time="0.104" /><testcase classname="backend.tests.test_iteration_202_supplier_vehicle_links.TestJournalEntriesForVehicle" name="test_visit_receipt_voucher_entries_exist" time="0.348" /><testcase classname="backend.tests.test_iteration_202_supplier_vehicle_links.TestJournalEntriesForVehicle" name="test_journal_entries_with_vehicle_ref_tag" time="0.115" /><testcase classname="backend.tests.test_iteration_202_supplier_vehicle_links.TestVehicleDetailsData" name="test_vehicles_endpoint_returns_200" time="0.628" /><testcase classname="backend.tests.test_iteration_202_supplier_vehicle_links.TestVehicleDetailsData" name="test_vehicle_details_endpoint" time="0.772" /><testcase classname="backend.tests.test_iteration_202_supplier_vehicle_links.TestVehicleDetailsData" name="test_visits_endpoint_for_vehicle" time="0.776" /><testcase classname="backend.tests.test_iteration_202_supplier_vehicle_links.TestOperationsWithPaymentFields" name="test_operations_endpoint_returns_200" time="0.933" /><testcase classname="backend.tests.test_iteration_202_supplier_vehicle_links.TestOperationsWithPaymentFields" name="test_operations_have_payment_fields" time="0.935" /><testcase classname="backend.tests.test_iteration_202_supplier_vehicle_links.TestSupplierOperationsLink" name="test_supplier_operations_exist" time="0.904" /></testsuite></testsuites>