<?xml version="1.0" encoding="utf-8"?><testsuites name="pytest tests"><testsuite name="pytest" errors="0" failures="0" skipped="0" tests="12" time="4.341" timestamp="2026-04-10T20:18:54.736981+00:00" hostname="agent-env-93c76eef-5df8-4938-8dc5-029e2490d64b"><testcase classname="backend.tests.test_alkabeer_bot_iter98.TestAlKabeerBotDevMode" name="test_health_endpoint" time="0.426" /><testcase classname="backend.tests.test_alkabeer_bot_iter98.TestAlKabeerBotDevMode" name="test_rrr_activates_dev_mode_for_manager" time="0.151" /><testcase classname="backend.tests.test_alkabeer_bot_iter98.TestAlKabeerBotDevMode" name="test_rrr_activates_dev_mode_for_admin" time="0.109" /><testcase classname="backend.tests.test_alkabeer_bot_iter98.TestAlKabeerBotDevMode" name="test_rrr_activates_dev_mode_for_arabic_manager" time="0.177" /><testcase classname="backend.tests.test_alkabeer_bot_iter98.TestAlKabeerBotDevMode" name="test_rrr_rejected_for_non_manager" time="0.170" /><testcase classname="backend.tests.test_alkabeer_bot_iter98.TestAlKabeerBotDevMode" name="test_rrr_rejected_for_empty_role" time="0.108" /><testcase classname="backend.tests.test_alkabeer_bot_iter98.TestAlKabeerBotDevCommands" name="test_hide_command" time="1.479" /><testcase classname="backend.tests.test_alkabeer_bot_iter98.TestAlKabeerBotDevCommands" name="test_exit_dev_mode" time="0.216" /><testcase classname="backend.tests.test_alkabeer_bot_iter98.TestAlKabeerBotCustomization" name="test_get_customization_default" time="0.132" /><testcase classname="backend.tests.test_alkabeer_bot_iter98.TestAlKabeerBotCustomization" name="test_customization_reflects_saved_changes" time="0.473" /><testcase classname="backend.tests.test_alkabeer_bot_iter98.TestProfileAndSettingsAPIs" name="test_profile_api_returns_workshop_data" time="0.126" /><testcase classname="backend.tests.test_alkabeer_bot_iter98.TestProfileAndSettingsAPIs" name="test_settings_api_returns_workshop_settings" time="0.642" /></testsuite></testsuites>