<?xml version="1.0" encoding="utf-8"?><testsuites name="pytest tests"><testsuite name="pytest" errors="0" failures="1" skipped="1" tests="15" time="13.099" timestamp="2026-04-11T16:18:27.624805+00:00" hostname="agent-env-93c76eef-5df8-4938-8dc5-029e2490d64b"><testcase classname="backend.tests.test_cleanup_verification_iter112.TestEndpointsHealth" name="test_customers_endpoint_works" time="2.938" /><testcase classname="backend.tests.test_cleanup_verification_iter112.TestEndpointsHealth" name="test_suppliers_endpoint_works" time="1.325" /><testcase classname="backend.tests.test_cleanup_verification_iter112.TestEndpointsHealth" name="test_parts_endpoint_works" time="0.422" /><testcase classname="backend.tests.test_cleanup_verification_iter112.TestEndpointsHealth" name="test_services_endpoint_works" time="0.715" /><testcase classname="backend.tests.test_cleanup_verification_iter112.TestEndpointsHealth" name="test_biz_accounts_endpoint_works" time="0.452" /><testcase classname="backend.tests.test_cleanup_verification_iter112.TestEndpointsHealth" name="test_operations_endpoint_works" time="0.718" /><testcase classname="backend.tests.test_cleanup_verification_iter112.TestEndpointsHealth" name="test_vehicles_endpoint_works" time="0.437" /><testcase classname="backend.tests.test_cleanup_verification_iter112.TestCustomersNoTestData" name="test_no_test_customers" time="1.925" /><testcase classname="backend.tests.test_cleanup_verification_iter112.TestSuppliersNoTestData" name="test_no_test_suppliers" time="1.039" /><testcase classname="backend.tests.test_cleanup_verification_iter112.TestPartsNoTestData" name="test_no_test_parts" time="0.428" /><testcase classname="backend.tests.test_cleanup_verification_iter112.TestServicesNoTestData" name="test_no_test_services" time="0.435" /><testcase classname="backend.tests.test_cleanup_verification_iter112.TestAccountsNoTestData" name="test_no_test_accounts" time="0.423"><failure message="AssertionError: Found 2 accounts with test data&#10;assert 2 == 0&#10; +  where 2 = len([{'field': 'name', 'id': 'eb4589a8-cfd1-4132-8665-871b4503a7de', 'pattern': 'اختبار', 'value': 'فرع الاختبار'}, {'field': 'code', 'id': 'eb4589a8-cfd1-4132-8665-871b4503a7de', 'pattern': '\\btest\\b', 'value': 'TEST'}])">backend/tests/test_cleanup_verification_iter112.py:253: in test_no_test_accounts
    assert len(test_accounts) == 0, f"Found {len(test_accounts)} accounts with test data"
E   AssertionError: Found 2 accounts with test data
E   assert 2 == 0
E    +  where 2 = len([{'field': 'name', 'id': 'eb4589a8-cfd1-4132-8665-871b4503a7de', 'pattern': 'اختبار', 'value': 'فرع الاختبار'}, {'field': 'code', 'id': 'eb4589a8-cfd1-4132-8665-871b4503a7de', 'pattern': '\\btest\\b', 'value': 'TEST'}])</failure></testcase><testcase classname="backend.tests.test_cleanup_verification_iter112.TestOperationsNoTestData" name="test_no_test_operations" time="1.113" /><testcase classname="backend.tests.test_cleanup_verification_iter112.TestVehicleVisitsNoTestData" name="test_no_test_vehicle_visits" time="0.532" /><testcase classname="backend.tests.test_cleanup_verification_iter112.TestChartOfAccountsNoTestData" name="test_no_test_chart_accounts" time="0.095"><skipped type="pytest.skip" message="Chart of accounts endpoint not available">/app/backend/tests/test_cleanup_verification_iter112.py:350: Chart of accounts endpoint not available</skipped></testcase></testsuite></testsuites>