<?xml version="1.0" encoding="utf-8"?><testsuites name="pytest tests"><testsuite name="pytest" errors="0" failures="0" skipped="0" tests="8" time="27.454" timestamp="2026-02-11T02:14:18.959345+00:00" hostname="agent-env-01eb16ad-f04d-4ce7-9818-babdc49dbda4"><testcase classname="backend.tests.test_whatsapp_notification.TestWhatsAppNotificationOnVisitClose" name="test_close_visit_returns_whatsapp_notification" time="3.645" /><testcase classname="backend.tests.test_whatsapp_notification.TestWhatsAppNotificationOnVisitClose" name="test_whatsapp_notification_has_required_fields" time="3.418" /><testcase classname="backend.tests.test_whatsapp_notification.TestWhatsAppNotificationOnVisitClose" name="test_whatsapp_phone_normalized_to_966_format" time="3.509" /><testcase classname="backend.tests.test_whatsapp_notification.TestWhatsAppNotificationOnVisitClose" name="test_whatsapp_message_contains_customer_info" time="3.739" /><testcase classname="backend.tests.test_whatsapp_notification.TestWhatsAppNotificationOnVisitClose" name="test_whatsapp_url_is_valid_wa_me_format" time="3.375" /><testcase classname="backend.tests.test_whatsapp_notification.TestWhatsAppNotificationOnVisitClose" name="test_visit_items_persist_when_closing" time="3.876" /><testcase classname="backend.tests.test_whatsapp_notification.TestWhatsAppNotificationOnVisitClose" name="test_no_notification_when_status_not_completed" time="3.229" /><testcase classname="backend.tests.test_whatsapp_notification.TestVehicleVisitRegressionWithWhatsApp" name="test_visit_crud_full_flow" time="2.549" /></testsuite></testsuites>