<?xml version="1.0" encoding="utf-8"?><testsuites name="pytest tests"><testsuite name="pytest" errors="0" failures="0" skipped="0" tests="11" time="47.583" timestamp="2026-04-03T21:27:21.604161+00:00" hostname="agent-env-93c76eef-5df8-4938-8dc5-029e2490d64b"><testcase classname="backend.tests.test_operation_types.TestOperationTypes" name="test_health_endpoint" time="0.245" /><testcase classname="backend.tests.test_operation_types.TestOperationTypes" name="test_operations_list_endpoint" time="0.982" /><testcase classname="backend.tests.test_operation_types.TestOperationTypes" name="test_create_purchase_operation" time="3.565" /><testcase classname="backend.tests.test_operation_types.TestOperationTypes" name="test_create_sale_operation" time="23.194" /><testcase classname="backend.tests.test_operation_types.TestOperationTypes" name="test_create_expense_operation" time="3.162" /><testcase classname="backend.tests.test_operation_types.TestOperationTypes" name="test_create_sale_return_operation" time="3.155" /><testcase classname="backend.tests.test_operation_types.TestOperationTypes" name="test_create_purchase_return_operation" time="3.172" /><testcase classname="backend.tests.test_operation_types.TestOperationTypes" name="test_create_payment_order_operation" time="2.866" /><testcase classname="backend.tests.test_operation_types.TestOperationTypeValidation" name="test_sale_return_journal_entry_structure" time="3.188" /><testcase classname="backend.tests.test_operation_types.TestOperationTypeValidation" name="test_purchase_return_journal_entry_structure" time="3.213" /><testcase classname="backend.tests.test_operation_types.TestOperationsListIntegrity" name="test_operations_list_returns_valid_data" time="0.757" /></testsuite></testsuites>