<?xml version="1.0" encoding="utf-8"?><testsuites name="pytest tests"><testsuite name="pytest" errors="0" failures="0" skipped="0" tests="11" time="9.390" timestamp="2026-03-02T21:32:30.596386+00:00" hostname="agent-env-a8dc31e0-c549-429e-9001-da0d0696c7db"><testcase classname="backend.tests.test_chart_of_accounts.TestChartOfAccountsGET" name="test_get_chart_of_accounts_success" time="1.585" /><testcase classname="backend.tests.test_chart_of_accounts.TestChartOfAccountsPOST" name="test_create_revenue_account" time="0.899" /><testcase classname="backend.tests.test_chart_of_accounts.TestChartOfAccountsPOST" name="test_create_expense_account" time="0.883" /><testcase classname="backend.tests.test_chart_of_accounts.TestChartOfAccountsPOST" name="test_create_liability_account" time="0.868" /><testcase classname="backend.tests.test_chart_of_accounts.TestChartOfAccountsPOST" name="test_create_asset_account" time="0.901" /><testcase classname="backend.tests.test_chart_of_accounts.TestChartOfAccountsPOST" name="test_create_equity_account" time="0.920" /><testcase classname="backend.tests.test_chart_of_accounts.TestChartOfAccountsPOST" name="test_create_account_default_type" time="0.870" /><testcase classname="backend.tests.test_chart_of_accounts.TestChartOfAccountsPOST" name="test_duplicate_code_rejected" time="0.462" /><testcase classname="backend.tests.test_chart_of_accounts.TestChartOfAccountsPOST" name="test_missing_code_rejected" time="0.114" /><testcase classname="backend.tests.test_chart_of_accounts.TestChartOfAccountsPOST" name="test_missing_name_rejected" time="0.147" /><testcase classname="backend.tests.test_chart_of_accounts.TestAccountCreationAndRetrieval" name="test_create_account_and_verify_in_list" time="1.612" /></testsuite></testsuites>