<?xml version="1.0" encoding="utf-8"?><testsuites name="pytest tests"><testsuite name="pytest" errors="0" failures="0" skipped="0" tests="13" time="7.654" timestamp="2026-05-11T16:59:44.423677+00:00" hostname="agent-env-b44278e7-9c72-439f-b91d-07113e8f161c"><testcase classname="backend.tests.test_templates_refactor_regression.TestMovedTemplatesEndpoints" name="test_invoice_templates_list" time="0.212" /><testcase classname="backend.tests.test_templates_refactor_regression.TestMovedTemplatesEndpoints" name="test_print_render_renders_placeholders" time="0.104" /><testcase classname="backend.tests.test_templates_refactor_regression.TestMovedTemplatesEndpoints" name="test_templates_create" time="0.072" /><testcase classname="backend.tests.test_templates_refactor_regression.TestFirewallStatus" name="test_firewall_status_ok" time="0.460" /><testcase classname="backend.tests.test_templates_refactor_regression.TestFirewallStatus" name="test_firewall_total_entries_and_health" time="0.352" /><testcase classname="backend.tests.test_templates_refactor_regression.TestExtendedEndpointsStillWork" name="test_endpoint_responds_2xx[/api/operations/pending-params0]" time="0.598" /><testcase classname="backend.tests.test_templates_refactor_regression.TestExtendedEndpointsStillWork" name="test_endpoint_responds_2xx[/api/operations-params1]" time="0.647" /><testcase classname="backend.tests.test_templates_refactor_regression.TestExtendedEndpointsStillWork" name="test_endpoint_responds_2xx[/api/biz-accounts-params2]" time="0.342" /><testcase classname="backend.tests.test_templates_refactor_regression.TestExtendedEndpointsStillWork" name="test_endpoint_responds_2xx[/api/accounts-params3]" time="0.360" /><testcase classname="backend.tests.test_templates_refactor_regression.TestExtendedEndpointsStillWork" name="test_endpoint_responds_2xx[/api/accounts/tree-params4]" time="2.660" /><testcase classname="backend.tests.test_templates_refactor_regression.TestExtendedEndpointsStillWork" name="test_endpoint_responds_2xx[/api/vehicles-params5]" time="0.629" /><testcase classname="backend.tests.test_templates_refactor_regression.TestExtendedEndpointsStillWork" name="test_endpoint_responds_2xx[/api/finance/reports/trial-balance-params6]" time="0.352" /><testcase classname="backend.tests.test_templates_refactor_regression.TestFirewallRejection" name="test_unbalanced_journal_rejected" time="0.790" /></testsuite></testsuites>